                      :-) GROMACS - gmx mdrun, 2024.1 (-:

Copyright 1991-2024 The GROMACS Authors.
GROMACS is free software; you can redistribute it and/or modify it
under the terms of the GNU Lesser General Public License
as published by the Free Software Foundation; either version 2.1
of the License, or (at your option) any later version.

                         Current GROMACS contributors:
       Mark Abraham           Andrey Alekseenko           Vladimir Basov      
      Cathrine Bergh            Eliane Briand               Ania Brown        
      Mahesh Doijade            Giacomo Fiorin          Stefan Fleischmann    
      Sergey Gorelov         Gilles Gouaillardet            Alan Gray         
     M. Eric Irrgang         Farzaneh Jalalypour            Joe Jordan        
     Carsten Kutzner           Justin A. Lemkul          Magnus Lundborg      
       Pascal Merz              Vedran Miletic            Dmitry Morozov      
       Julien Nabet              Szilard Pall        Andrea Pasquadibisceglie 
    Michele Pellegrino          Hubert Santuz             Roland Schulz       
     Tatiana Shugaeva          Alexey Shvetsov            Philip Turner       
     Alessandra Villa      Sebastian Wingbermuehle  

                         Previous GROMACS contributors:
        Emile Apol             Rossen Apostolov           James Barnett       
        Paul Bauer          Herman J.C. Berendsen          Par Bjelkmar       
      Christian Blau          Viacheslav Bolnykh            Kevin Boyd        
    Aldert van Buuren          Carlo Camilloni           Rudi van Drunen      
      Anton Feenstra           Oliver Fleetwood            Vytas Gapsys       
       Gaurav Garg             Gerrit Groenhof            Bert de Groot       
      Anca Hamuraru           Vincent Hindriksen          Victor Holanda      
     Aleksei Iupinov          Christoph Junghans        Prashanth Kanduri     
   Dimitrios Karkoulis           Peter Kasson             Sebastian Kehl      
     Sebastian Keller             Jiri Kraus               Per Larsson        
      Viveca Lindahl            Erik Marklund           Pieter Meulenhoff     
      Teemu Murtola              Sander Pronk             Michael Shirts      
      Alfons Sijbers            Balint Soproni         David van der Spoel    
      Peter Tieleman            Carsten Uphoff             Jon Vincent        
     Teemu Virolainen         Christian Wennberg           Maarten Wolf       
      Artem Zhmurov       

                  Coordinated by the GROMACS project leaders:
                           Berk Hess and Erik Lindahl

GROMACS:      gmx mdrun, version 2024.1
Executable:   /usr/local/gromacs/bin/gmx
Data prefix:  /usr/local/gromacs
Working dir:  /home/kylian/Modelo/03_GROMACS/2AM9_clean_T877S
Process ID:   26054
Command line:
  gmx mdrun -deffnm md_0_1

GROMACS version:     2024.1
Precision:           mixed
Memory model:        64 bit
MPI library:         thread_mpi
OpenMP support:      enabled (GMX_OPENMP_MAX_THREADS = 128)
GPU support:         CUDA
NBNxM GPU setup:     super-cluster 2x2x2 / cluster 8
SIMD instructions:   AVX_512
CPU FFT library:     fftw-3.3.8-sse2-avx-avx2-avx2_128-avx512
GPU FFT library:     cuFFT
Multi-GPU FFT:       none
RDTSCP usage:        enabled
TNG support:         enabled
Hwloc support:       disabled
Tracing support:     disabled
C compiler:          /usr/bin/gcc-12 GNU 12.4.0
C compiler flags:    -fexcess-precision=fast -funroll-all-loops -mavx512f -mfma -mavx512vl -mavx512dq -mavx512bw -Wno-missing-field-initializers -O3 -DNDEBUG
C++ compiler:        /usr/bin/g++-12 GNU 12.4.0
C++ compiler flags:  -fexcess-precision=fast -funroll-all-loops -mavx512f -mfma -mavx512vl -mavx512dq -mavx512bw -Wno-missing-field-initializers -Wno-cast-function-type-strict SHELL:-fopenmp -O3 -DNDEBUG
BLAS library:        Internal
LAPACK library:      Internal
CUDA compiler:       /usr/bin/nvcc nvcc: NVIDIA (R) Cuda compiler driver;Copyright (c) 2005-2023 NVIDIA Corporation;Built on Fri_Jan__6_16:45:21_PST_2023;Cuda compilation tools, release 12.0, V12.0.140;Build cuda_12.0.r12.0/compiler.32267302_0
CUDA compiler flags:-std=c++17;--generate-code=arch=compute_50,code=sm_50;--generate-code=arch=compute_52,code=sm_52;--generate-code=arch=compute_60,code=sm_60;--generate-code=arch=compute_61,code=sm_61;--generate-code=arch=compute_70,code=sm_70;--generate-code=arch=compute_75,code=sm_75;--generate-code=arch=compute_80,code=sm_80;--generate-code=arch=compute_86,code=sm_86;--generate-code=arch=compute_89,code=sm_89;--generate-code=arch=compute_90,code=sm_90;-Wno-deprecated-gpu-targets;--generate-code=arch=compute_53,code=sm_53;--generate-code=arch=compute_80,code=sm_80;-use_fast_math;-Xptxas;-warn-double-usage;-Xptxas;-Werror;-D_FORCE_INLINES;-Xcompiler;-fopenmp;-fexcess-precision=fast -funroll-all-loops -mavx512f -mfma -mavx512vl -mavx512dq -mavx512bw -Wno-missing-field-initializers -Wno-cast-function-type-strict SHELL:-fopenmp -O3 -DNDEBUG
CUDA driver:         13.10
CUDA runtime:        12.0


Running on 1 node with total 8 cores, 16 processing units, 1 compatible GPU
Hardware detected on host DESKTOP-VVNUFN5:
  CPU info:
    Vendor: AMD
    Brand:  AMD Ryzen 7 7800X3D 8-Core Processor           
    Family: 25   Model: 97   Stepping: 2
    Features: aes amd apic avx avx2 avx512f avx512cd avx512bw avx512vl avx512bf16 avx512secondFMA clfsh cmov cx8 cx16 f16c fma htt lahf misalignsse mmx msr nonstop_tsc pclmuldq pdpe1gb popcnt pse rdrnd rdtscp sha sse2 sse3 sse4a sse4.1 sse4.2 ssse3
  Hardware topology: Basic
    Packages, cores, and logical processors:
    [indices refer to OS logical processors]
      Package  0: [   0   1] [   2   3] [   4   5] [   6   7] [   8   9] [  10  11] [  12  13] [  14  15]
    CPU limit set by OS: -1   Recommended max number of threads: 16
  GPU info:
    Number of GPUs detected: 1
    #0: NVIDIA NVIDIA GeForce RTX 4070 SUPER, compute cap.: 8.9, ECC:  no, stat: compatible


++++ PLEASE READ AND CITE THE FOLLOWING REFERENCE ++++
M. J. Abraham, T. Murtola, R. Schulz, S. Páll, J. C. Smith, B. Hess, E.
Lindahl
GROMACS: High performance molecular simulations through multi-level
parallelism from laptops to supercomputers
SoftwareX 1 (2015) pp. 19-25
-------- -------- --- Thank You --- -------- --------


++++ PLEASE READ AND CITE THE FOLLOWING REFERENCE ++++
S. Páll, M. J. Abraham, C. Kutzner, B. Hess, E. Lindahl
Tackling Exascale Software Challenges in Molecular Dynamics Simulations with
GROMACS
In S. Markidis & E. Laure (Eds.), Solving Software Challenges for Exascale 8759 (2015) pp. 3-27
-------- -------- --- Thank You --- -------- --------


++++ PLEASE READ AND CITE THE FOLLOWING REFERENCE ++++
S. Pronk, S. Páll, R. Schulz, P. Larsson, P. Bjelkmar, R. Apostolov, M. R.
Shirts, J. C. Smith, P. M. Kasson, D. van der Spoel, B. Hess, and E. Lindahl
GROMACS 4.5: a high-throughput and highly parallel open source molecular
simulation toolkit
Bioinformatics 29 (2013) pp. 845-54
-------- -------- --- Thank You --- -------- --------


++++ PLEASE READ AND CITE THE FOLLOWING REFERENCE ++++
B. Hess and C. Kutzner and D. van der Spoel and E. Lindahl
GROMACS 4: Algorithms for highly efficient, load-balanced, and scalable
molecular simulation
J. Chem. Theory Comput. 4 (2008) pp. 435-447
-------- -------- --- Thank You --- -------- --------


++++ PLEASE READ AND CITE THE FOLLOWING REFERENCE ++++
D. van der Spoel, E. Lindahl, B. Hess, G. Groenhof, A. E. Mark and H. J. C.
Berendsen
GROMACS: Fast, Flexible and Free
J. Comp. Chem. 26 (2005) pp. 1701-1719
-------- -------- --- Thank You --- -------- --------


++++ PLEASE READ AND CITE THE FOLLOWING REFERENCE ++++
E. Lindahl and B. Hess and D. van der Spoel
GROMACS 3.0: A package for molecular simulation and trajectory analysis
J. Mol. Mod. 7 (2001) pp. 306-317
-------- -------- --- Thank You --- -------- --------


++++ PLEASE READ AND CITE THE FOLLOWING REFERENCE ++++
H. J. C. Berendsen, D. van der Spoel and R. van Drunen
GROMACS: A message-passing parallel molecular dynamics implementation
Comp. Phys. Comm. 91 (1995) pp. 43-56
-------- -------- --- Thank You --- -------- --------


++++ PLEASE CITE THE DOI FOR THIS VERSION OF GROMACS ++++
https://doi.org/10.5281/zenodo.10721181
-------- -------- --- Thank You --- -------- --------

Input Parameters:
   integrator                     = md
   tinit                          = 0
   dt                             = 0.002
   nsteps                         = 500000
   init-step                      = 0
   simulation-part                = 1
   mts                            = false
   mass-repartition-factor        = 1
   comm-mode                      = Linear
   nstcomm                        = 100
   bd-fric                        = 0
   ld-seed                        = -524291
   emtol                          = 10
   emstep                         = 0.01
   niter                          = 20
   fcstep                         = 0
   nstcgsteep                     = 1000
   nbfgscorr                      = 10
   rtpi                           = 0.05
   nstxout                        = 5000
   nstvout                        = 5000
   nstfout                        = 0
   nstlog                         = 5000
   nstcalcenergy                  = 100
   nstenergy                      = 5000
   nstxout-compressed             = 0
   compressed-x-precision         = 1000
   cutoff-scheme                  = Verlet
   nstlist                        = 10
   pbc                            = xyz
   periodic-molecules             = false
   verlet-buffer-tolerance        = 0.005
   verlet-buffer-pressure-tolerance = 0.5
   rlist                          = 1
   coulombtype                    = PME
   coulomb-modifier               = Potential-shift
   rcoulomb-switch                = 0
   rcoulomb                       = 1
   epsilon-r                      = 1
   epsilon-rf                     = inf
   vdw-type                       = Cut-off
   vdw-modifier                   = Potential-shift
   rvdw-switch                    = 0
   rvdw                           = 1
   DispCorr                       = EnerPres
   table-extension                = 1
   fourierspacing                 = 0.16
   fourier-nx                     = 56
   fourier-ny                     = 56
   fourier-nz                     = 56
   pme-order                      = 4
   ewald-rtol                     = 1e-05
   ewald-rtol-lj                  = 0.001
   lj-pme-comb-rule               = Geometric
   ewald-geometry                 = 3d
   epsilon-surface                = 0
   ensemble-temperature-setting   = constant
   ensemble-temperature           = 300
   tcoupl                         = V-rescale
   nsttcouple                     = 10
   nh-chain-length                = 0
   print-nose-hoover-chain-variables = false
   pcoupl                         = C-rescale
   pcoupltype                     = Isotropic
   nstpcouple                     = 100
   tau-p                          = 2
   compressibility (3x3):
      compressibility[    0]={ 4.50000e-05,  0.00000e+00,  0.00000e+00}
      compressibility[    1]={ 0.00000e+00,  4.50000e-05,  0.00000e+00}
      compressibility[    2]={ 0.00000e+00,  0.00000e+00,  4.50000e-05}
   ref-p (3x3):
      ref-p[    0]={ 1.00000e+00,  0.00000e+00,  0.00000e+00}
      ref-p[    1]={ 0.00000e+00,  1.00000e+00,  0.00000e+00}
      ref-p[    2]={ 0.00000e+00,  0.00000e+00,  1.00000e+00}
   refcoord-scaling               = No
   posres-com (3):
      posres-com[0]= 0.00000e+00
      posres-com[1]= 0.00000e+00
      posres-com[2]= 0.00000e+00
   posres-comB (3):
      posres-comB[0]= 0.00000e+00
      posres-comB[1]= 0.00000e+00
      posres-comB[2]= 0.00000e+00
   QMMM                           = false
qm-opts:
   ngQM                           = 0
   constraint-algorithm           = Lincs
   continuation                   = true
   Shake-SOR                      = false
   shake-tol                      = 0.0001
   lincs-order                    = 4
   lincs-iter                     = 1
   lincs-warnangle                = 30
   nwall                          = 0
   wall-type                      = 9-3
   wall-r-linpot                  = -1
   wall-atomtype[0]               = -1
   wall-atomtype[1]               = -1
   wall-density[0]                = 0
   wall-density[1]                = 0
   wall-ewald-zfac                = 3
   pull                           = false
   awh                            = false
   rotation                       = false
   interactiveMD                  = false
   disre                          = No
   disre-weighting                = Conservative
   disre-mixed                    = false
   dr-fc                          = 1000
   dr-tau                         = 0
   nstdisreout                    = 100
   orire-fc                       = 0
   orire-tau                      = 0
   nstorireout                    = 100
   free-energy                    = no
   cos-acceleration               = 0
   deform (3x3):
      deform[    0]={ 0.00000e+00,  0.00000e+00,  0.00000e+00}
      deform[    1]={ 0.00000e+00,  0.00000e+00,  0.00000e+00}
      deform[    2]={ 0.00000e+00,  0.00000e+00,  0.00000e+00}
   simulated-tempering            = false
   swapcoords                     = no
   userint1                       = 0
   userint2                       = 0
   userint3                       = 0
   userint4                       = 0
   userreal1                      = 0
   userreal2                      = 0
   userreal3                      = 0
   userreal4                      = 0
   applied-forces:
     electric-field:
       x:
         E0                       = 0
         omega                    = 0
         t0                       = 0
         sigma                    = 0
       y:
         E0                       = 0
         omega                    = 0
         t0                       = 0
         sigma                    = 0
       z:
         E0                       = 0
         omega                    = 0
         t0                       = 0
         sigma                    = 0
     density-guided-simulation:
       active                     = false
       group                      = protein
       similarity-measure         = inner-product
       atom-spreading-weight      = unity
       force-constant             = 1e+09
       gaussian-transform-spreading-width = 0.2
       gaussian-transform-spreading-range-in-multiples-of-width = 4
       reference-density-filename = reference.mrc
       nst                        = 1
       normalize-densities        = true
       adaptive-force-scaling     = false
       adaptive-force-scaling-time-constant = 4
       shift-vector               = 
       transformation-matrix      = 
     qmmm-cp2k:
       active                     = false
       qmgroup                    = System
       qmmethod                   = PBE
       qmfilenames                = 
       qmcharge                   = 0
       qmmultiplicity             = 1
     colvars:
       active                     = false
       configfile                 = 
       seed                       = -1
grpopts:
   nrdf:     10271.8      127809
   ref-t:         300         300
   tau-t:         0.1         0.1
annealing:          No          No
annealing-npoints:           0           0
   acc:	           0           0           0
   nfreeze:           N           N           N
   energygrp-flags[  0]: 0

Changing nstlist from 10 to 100, rlist from 1 to 1.172

Update groups can not be used for this system because atoms that are (in)directly constrained together are interdispersed with other atoms

Update task can not run on the GPU, because the following condition(s) were not satisfied:

Virtual sites are not supported.

1 GPU selected for this run.
Mapping of GPU IDs to the 2 GPU tasks in the 1 rank on this node:
  PP:0,PME:0
PP tasks will do (non-perturbed) short-ranged interactions on the GPU
PP task will update and constrain coordinates on the CPU
PME tasks will do all aspects on the GPU
Using 1 MPI thread
Using 16 OpenMP threads 

System total charge: -0.000
Will do PME sum in reciprocal space for electrostatic interactions.

++++ PLEASE READ AND CITE THE FOLLOWING REFERENCE ++++
U. Essmann, L. Perera, M. L. Berkowitz, T. Darden, H. Lee and L. G. Pedersen 
A smooth particle mesh Ewald method
J. Chem. Phys. 103 (1995) pp. 8577-8592
-------- -------- --- Thank You --- -------- --------

Using a Gaussian width (1/beta) of 0.320163 nm for Ewald
Potential shift: LJ r^-12: -1.000e+00 r^-6: -1.000e+00, Ewald -1.000e-05
Initialized non-bonded Coulomb Ewald tables, spacing: 9.33e-04 size: 1073

Generated table with 1086 data points for 1-4 COUL.
Tabscale = 500 points/nm
Generated table with 1086 data points for 1-4 LJ6.
Tabscale = 500 points/nm
Generated table with 1086 data points for 1-4 LJ12.
Tabscale = 500 points/nm
Long Range LJ corr.: <C6> 1.8306e-04


Using GPU 8x8 nonbonded short-range kernels

Using a dual 8x8 pair-list setup updated with dynamic, rolling pruning:
  outer list: updated every 100 steps, buffer 0.172 nm, rlist 1.172 nm
  inner list: updated every   8 steps, buffer 0.001 nm, rlist 1.001 nm
At tolerance 0.005 kJ/mol/ps per atom, equivalent classical 1x1 list would be:
  outer list: updated every 100 steps, buffer 0.318 nm, rlist 1.318 nm
  inner list: updated every   8 steps, buffer 0.032 nm, rlist 1.032 nm

The average pressure is off by at most 0.54 bar due to missing LJ interactions

Using Geometric Lennard-Jones combination rule

Pinning threads with an auto-selected logical cpu stride of 1

Initializing LINear Constraint Solver

++++ PLEASE READ AND CITE THE FOLLOWING REFERENCE ++++
B. Hess and H. Bekker and H. J. C. Berendsen and J. G. E. M. Fraaije
LINCS: A Linear Constraint Solver for molecular simulations
J. Comp. Chem. 18 (1997) pp. 1463-1472
-------- -------- --- Thank You --- -------- --------

The number of constraints is 2097

++++ PLEASE READ AND CITE THE FOLLOWING REFERENCE ++++
S. Miyamoto and P. A. Kollman
SETTLE: An Analytical Version of the SHAKE and RATTLE Algorithms for Rigid
Water Models
J. Comp. Chem. 13 (1992) pp. 952-962
-------- -------- --- Thank You --- -------- --------


++++ PLEASE READ AND CITE THE FOLLOWING REFERENCE ++++
G. Bussi, D. Donadio and M. Parrinello
Canonical sampling through velocity rescaling
J. Chem. Phys. 126 (2007) pp. 014101
-------- -------- --- Thank You --- -------- --------


++++ PLEASE READ AND CITE THE FOLLOWING REFERENCE ++++
M. Bernetti, G. Bussi
Pressure control using stochastic cell rescaling
J. Chem. Phys. 153 (2020) pp. 114107
-------- -------- --- Thank You --- -------- --------

There are: 67944 Atoms
There are: 21217 VSites
Center of mass motion removal mode is Linear
We have the following groups for center of mass motion removal:
  0:  rest

Started mdrun on rank 0 Tue Mar 31 11:53:35 2026

           Step           Time
              0        0.00000

   Energies (kJ/mol)
           Bond          Angle    Proper Dih. Ryckaert-Bell. Per. Imp. Dih.
    3.22043e+03    7.83161e+03    4.35842e+02    4.68336e+03    5.70759e+00
          LJ-14     Coulomb-14        LJ (SR)  Disper. corr.   Coulomb (SR)
    5.71471e+03    2.19786e+04    1.58302e+05   -8.98175e+03   -1.17148e+06
   Coul. recip.      Potential    Kinetic En.   Total Energy  Conserved En.
    6.38738e+03   -9.71898e+05    1.72080e+05   -7.99818e+05   -7.99919e+05
    Temperature Pres. DC (bar) Pressure (bar)   Constr. rmsd
    2.99773e+02   -2.20155e+02    1.52093e+02    3.04782e-06

step 2800: timed with pme grid 56 56 56, coulomb cutoff 1.000: 731.4 M-cycles
step 3000: timed with pme grid 48 48 48, coulomb cutoff 1.144: 831.9 M-cycles
step 3200: timed with pme grid 52 52 52, coulomb cutoff 1.056: 488.6 M-cycles
              optimal pme grid 52 52 52, coulomb cutoff 1.056
           Step           Time
           5000       10.00000

   Energies (kJ/mol)
           Bond          Angle    Proper Dih. Ryckaert-Bell. Per. Imp. Dih.
    3.06215e+03    8.28680e+03    4.65345e+02    4.68797e+03    1.93308e+00
          LJ-14     Coulomb-14        LJ (SR)  Disper. corr.   Coulomb (SR)
    5.59296e+03    2.19331e+04    1.56622e+05   -8.97803e+03   -1.16969e+06
   Coul. recip.      Potential    Kinetic En.   Total Energy  Conserved En.
    5.27026e+03   -9.72746e+05    1.71586e+05   -8.01159e+05   -7.99514e+05
    Temperature Pres. DC (bar) Pressure (bar)   Constr. rmsd
    2.98913e+02   -2.19973e+02   -1.31170e+01    3.00433e-06

           Step           Time
          10000       20.00000

   Energies (kJ/mol)
           Bond          Angle    Proper Dih. Ryckaert-Bell. Per. Imp. Dih.
    3.23730e+03    8.12560e+03    4.75261e+02    4.61892e+03    1.45146e-02
          LJ-14     Coulomb-14        LJ (SR)  Disper. corr.   Coulomb (SR)
    5.66135e+03    2.20982e+04    1.55774e+05   -9.01491e+03   -1.16786e+06
   Coul. recip.      Potential    Kinetic En.   Total Energy  Conserved En.
    5.26920e+03   -9.71620e+05    1.72459e+05   -7.99161e+05   -7.98901e+05
    Temperature Pres. DC (bar) Pressure (bar)   Constr. rmsd
    3.00434e+02   -2.21782e+02   -1.20853e+01    3.38694e-06

           Step           Time
          15000       30.00000

   Energies (kJ/mol)
           Bond          Angle    Proper Dih. Ryckaert-Bell. Per. Imp. Dih.
    3.00335e+03    8.19220e+03    5.28669e+02    4.53818e+03    6.01386e+00
          LJ-14     Coulomb-14        LJ (SR)  Disper. corr.   Coulomb (SR)
    5.57793e+03    2.19926e+04    1.55749e+05   -9.00372e+03   -1.16812e+06
   Coul. recip.      Potential    Kinetic En.   Total Energy  Conserved En.
    5.25987e+03   -9.72278e+05    1.72810e+05   -7.99468e+05   -7.98791e+05
    Temperature Pres. DC (bar) Pressure (bar)   Constr. rmsd
    3.01045e+02   -2.21232e+02   -1.20115e+02    3.65747e-06

           Step           Time
          20000       40.00000

   Energies (kJ/mol)
           Bond          Angle    Proper Dih. Ryckaert-Bell. Per. Imp. Dih.
    3.14196e+03    8.21315e+03    4.74122e+02    4.63550e+03    5.14016e-01
          LJ-14     Coulomb-14        LJ (SR)  Disper. corr.   Coulomb (SR)
    5.56819e+03    2.19646e+04    1.55476e+05   -9.00209e+03   -1.16812e+06
   Coul. recip.      Potential    Kinetic En.   Total Energy  Conserved En.
    5.19410e+03   -9.72449e+05    1.72952e+05   -7.99497e+05   -7.98650e+05
    Temperature Pres. DC (bar) Pressure (bar)   Constr. rmsd
    3.01292e+02   -2.21152e+02   -4.05969e+01    3.06594e-06

           Step           Time
          25000       50.00000

   Energies (kJ/mol)
           Bond          Angle    Proper Dih. Ryckaert-Bell. Per. Imp. Dih.
    3.01372e+03    8.16262e+03    4.46196e+02    4.65463e+03    7.35258e-01
          LJ-14     Coulomb-14        LJ (SR)  Disper. corr.   Coulomb (SR)
    5.76299e+03    2.21210e+04    1.57483e+05   -8.98513e+03   -1.17044e+06
   Coul. recip.      Potential    Kinetic En.   Total Energy  Conserved En.
    5.23182e+03   -9.72548e+05    1.72521e+05   -8.00027e+05   -7.98700e+05
    Temperature Pres. DC (bar) Pressure (bar)   Constr. rmsd
    3.00540e+02   -2.20321e+02    1.23398e+02    3.14532e-06

           Step           Time
          30000       60.00000

   Energies (kJ/mol)
           Bond          Angle    Proper Dih. Ryckaert-Bell. Per. Imp. Dih.
    3.07072e+03    8.37621e+03    4.27181e+02    4.66856e+03    2.07858e-01
          LJ-14     Coulomb-14        LJ (SR)  Disper. corr.   Coulomb (SR)
    5.63356e+03    2.20311e+04    1.55304e+05   -8.98861e+03   -1.16718e+06
   Coul. recip.      Potential    Kinetic En.   Total Energy  Conserved En.
    5.34689e+03   -9.71306e+05    1.73202e+05   -7.98104e+05   -7.98200e+05
    Temperature Pres. DC (bar) Pressure (bar)   Constr. rmsd
    3.01727e+02   -2.20491e+02   -9.79649e+01    3.27699e-06

           Step           Time
          35000       70.00000

   Energies (kJ/mol)
           Bond          Angle    Proper Dih. Ryckaert-Bell. Per. Imp. Dih.
    3.04163e+03    8.09001e+03    4.83083e+02    4.64462e+03    4.92550e-03
          LJ-14     Coulomb-14        LJ (SR)  Disper. corr.   Coulomb (SR)
    5.62756e+03    2.20902e+04    1.56852e+05   -9.01477e+03   -1.16855e+06
   Coul. recip.      Potential    Kinetic En.   Total Energy  Conserved En.
    5.21003e+03   -9.71526e+05    1.72458e+05   -7.99069e+05   -7.97790e+05
    Temperature Pres. DC (bar) Pressure (bar)   Constr. rmsd
    3.00430e+02   -2.21775e+02    5.11178e+01    3.39951e-06

           Step           Time
          40000       80.00000

   Energies (kJ/mol)
           Bond          Angle    Proper Dih. Ryckaert-Bell. Per. Imp. Dih.
    3.28594e+03    8.32676e+03    5.03950e+02    4.60336e+03    2.26767e-03
          LJ-14     Coulomb-14        LJ (SR)  Disper. corr.   Coulomb (SR)
    5.56664e+03    2.19768e+04    1.56030e+05   -8.97894e+03   -1.16733e+06
   Coul. recip.      Potential    Kinetic En.   Total Energy  Conserved En.
    5.22963e+03   -9.70783e+05    1.73183e+05   -7.97600e+05   -7.97686e+05
    Temperature Pres. DC (bar) Pressure (bar)   Constr. rmsd
    3.01694e+02   -2.20017e+02   -1.64564e+02    2.97167e-06

           Step           Time
          45000       90.00000

   Energies (kJ/mol)
           Bond          Angle    Proper Dih. Ryckaert-Bell. Per. Imp. Dih.
    3.12758e+03    8.23215e+03    4.37552e+02    4.68080e+03    1.19668e-03
          LJ-14     Coulomb-14        LJ (SR)  Disper. corr.   Coulomb (SR)
    5.67444e+03    2.21235e+04    1.55736e+05   -8.99920e+03   -1.16798e+06
   Coul. recip.      Potential    Kinetic En.   Total Energy  Conserved En.
    5.13798e+03   -9.71832e+05    1.72017e+05   -7.99815e+05   -7.97215e+05
    Temperature Pres. DC (bar) Pressure (bar)   Constr. rmsd
    2.99663e+02   -2.21010e+02   -6.39694e+01    3.04460e-06

           Step           Time
          50000      100.00000

   Energies (kJ/mol)
           Bond          Angle    Proper Dih. Ryckaert-Bell. Per. Imp. Dih.
    3.10106e+03    8.18096e+03    4.84993e+02    4.52046e+03    3.40255e-02
          LJ-14     Coulomb-14        LJ (SR)  Disper. corr.   Coulomb (SR)
    5.81445e+03    2.20913e+04    1.56026e+05   -8.99607e+03   -1.16839e+06
   Coul. recip.      Potential    Kinetic En.   Total Energy  Conserved En.
    5.23996e+03   -9.71926e+05    1.71065e+05   -8.00861e+05   -7.97195e+05
    Temperature Pres. DC (bar) Pressure (bar)   Constr. rmsd
    2.98005e+02   -2.20857e+02    7.74678e+01    3.13226e-06

           Step           Time
          55000      110.00000

   Energies (kJ/mol)
           Bond          Angle    Proper Dih. Ryckaert-Bell. Per. Imp. Dih.
    3.09052e+03    8.09851e+03    4.24913e+02    4.62847e+03    3.69137e-02
          LJ-14     Coulomb-14        LJ (SR)  Disper. corr.   Coulomb (SR)
    5.68981e+03    2.20024e+04    1.57320e+05   -8.99840e+03   -1.16975e+06
   Coul. recip.      Potential    Kinetic En.   Total Energy  Conserved En.
    5.21791e+03   -9.72272e+05    1.71872e+05   -8.00401e+05   -7.96887e+05
    Temperature Pres. DC (bar) Pressure (bar)   Constr. rmsd
    2.99410e+02   -2.20971e+02    7.43139e+00    3.05332e-06

           Step           Time
          60000      120.00000

   Energies (kJ/mol)
           Bond          Angle    Proper Dih. Ryckaert-Bell. Per. Imp. Dih.
    3.11039e+03    8.20847e+03    5.06734e+02    4.49198e+03    6.57780e-03
          LJ-14     Coulomb-14        LJ (SR)  Disper. corr.   Coulomb (SR)
    5.69781e+03    2.21135e+04    1.59211e+05   -8.98774e+03   -1.17247e+06
   Coul. recip.      Potential    Kinetic En.   Total Energy  Conserved En.
    5.21138e+03   -9.72905e+05    1.71528e+05   -8.01377e+05   -7.96841e+05
    Temperature Pres. DC (bar) Pressure (bar)   Constr. rmsd
    2.98812e+02   -2.20448e+02    1.53167e+02    2.92704e-06

           Step           Time
          65000      130.00000

   Energies (kJ/mol)
           Bond          Angle    Proper Dih. Ryckaert-Bell. Per. Imp. Dih.
    3.05183e+03    8.22132e+03    4.87146e+02    4.69200e+03    3.02469e-02
          LJ-14     Coulomb-14        LJ (SR)  Disper. corr.   Coulomb (SR)
    5.63695e+03    2.21407e+04    1.57451e+05   -8.94825e+03   -1.16949e+06
   Coul. recip.      Potential    Kinetic En.   Total Energy  Conserved En.
    5.31719e+03   -9.71436e+05    1.71270e+05   -8.00166e+05   -7.97035e+05
    Temperature Pres. DC (bar) Pressure (bar)   Constr. rmsd
    2.98362e+02   -2.18517e+02    3.19866e+01    3.08493e-06

           Step           Time
          70000      140.00000

   Energies (kJ/mol)
           Bond          Angle    Proper Dih. Ryckaert-Bell. Per. Imp. Dih.
    3.23421e+03    8.10139e+03    4.74528e+02    4.37875e+03    1.61840e-01
          LJ-14     Coulomb-14        LJ (SR)  Disper. corr.   Coulomb (SR)
    5.84960e+03    2.21988e+04    1.55135e+05   -8.97721e+03   -1.16809e+06
   Coul. recip.      Potential    Kinetic En.   Total Energy  Conserved En.
    5.22014e+03   -9.72474e+05    1.71578e+05   -8.00896e+05   -7.96410e+05
    Temperature Pres. DC (bar) Pressure (bar)   Constr. rmsd
    2.98898e+02   -2.19933e+02   -6.18277e+01    3.25467e-06

           Step           Time
          75000      150.00000

   Energies (kJ/mol)
           Bond          Angle    Proper Dih. Ryckaert-Bell. Per. Imp. Dih.
    3.07964e+03    8.29745e+03    4.78408e+02    4.61976e+03    5.61404e-01
          LJ-14     Coulomb-14        LJ (SR)  Disper. corr.   Coulomb (SR)
    5.54432e+03    2.19413e+04    1.56311e+05   -8.98968e+03   -1.16881e+06
   Coul. recip.      Potential    Kinetic En.   Total Energy  Conserved En.
    5.26995e+03   -9.72254e+05    1.72849e+05   -7.99404e+05   -7.96048e+05
    Temperature Pres. DC (bar) Pressure (bar)   Constr. rmsd
    3.01113e+02   -2.20543e+02    9.25158e+00    3.25412e-06

           Step           Time
          80000      160.00000

   Energies (kJ/mol)
           Bond          Angle    Proper Dih. Ryckaert-Bell. Per. Imp. Dih.
    3.00305e+03    8.19135e+03    5.09541e+02    4.62731e+03    1.29893e-01
          LJ-14     Coulomb-14        LJ (SR)  Disper. corr.   Coulomb (SR)
    5.60631e+03    2.21623e+04    1.56776e+05   -8.98925e+03   -1.16821e+06
   Coul. recip.      Potential    Kinetic En.   Total Energy  Conserved En.
    5.32857e+03   -9.70992e+05    1.70844e+05   -8.00148e+05   -7.95958e+05
    Temperature Pres. DC (bar) Pressure (bar)   Constr. rmsd
    2.97620e+02   -2.20522e+02    1.08429e+01    3.08951e-06

           Step           Time
          85000      170.00000

   Energies (kJ/mol)
           Bond          Angle    Proper Dih. Ryckaert-Bell. Per. Imp. Dih.
    3.09184e+03    8.00503e+03    4.38159e+02    4.55802e+03    1.15157e+00
          LJ-14     Coulomb-14        LJ (SR)  Disper. corr.   Coulomb (SR)
    5.62300e+03    2.20010e+04    1.56260e+05   -8.96888e+03   -1.16830e+06
   Coul. recip.      Potential    Kinetic En.   Total Energy  Conserved En.
    5.25905e+03   -9.72032e+05    1.72328e+05   -7.99704e+05   -7.95816e+05
    Temperature Pres. DC (bar) Pressure (bar)   Constr. rmsd
    3.00204e+02   -2.19525e+02   -8.87917e+01    3.36628e-06

           Step           Time
          90000      180.00000

   Energies (kJ/mol)
           Bond          Angle    Proper Dih. Ryckaert-Bell. Per. Imp. Dih.
    3.11924e+03    7.98684e+03    4.59843e+02    4.70941e+03    1.69500e+00
          LJ-14     Coulomb-14        LJ (SR)  Disper. corr.   Coulomb (SR)
    5.55552e+03    2.19517e+04    1.58532e+05   -9.00351e+03   -1.17251e+06
   Coul. recip.      Potential    Kinetic En.   Total Energy  Conserved En.
    5.26192e+03   -9.73937e+05    1.73018e+05   -8.00919e+05   -7.95103e+05
    Temperature Pres. DC (bar) Pressure (bar)   Constr. rmsd
    3.01408e+02   -2.21222e+02    1.26834e+02    2.97516e-06

           Step           Time
          95000      190.00000

   Energies (kJ/mol)
           Bond          Angle    Proper Dih. Ryckaert-Bell. Per. Imp. Dih.
    3.06860e+03    8.24596e+03    4.28793e+02    4.42252e+03    4.19992e-01
          LJ-14     Coulomb-14        LJ (SR)  Disper. corr.   Coulomb (SR)
    5.67673e+03    2.20313e+04    1.58006e+05   -8.97687e+03   -1.17046e+06
   Coul. recip.      Potential    Kinetic En.   Total Energy  Conserved En.
    5.14718e+03   -9.72414e+05    1.73045e+05   -7.99369e+05   -7.95322e+05
    Temperature Pres. DC (bar) Pressure (bar)   Constr. rmsd
    3.01454e+02   -2.19916e+02    1.18609e+02    3.21481e-06

           Step           Time
         100000      200.00000

   Energies (kJ/mol)
           Bond          Angle    Proper Dih. Ryckaert-Bell. Per. Imp. Dih.
    3.20946e+03    8.22767e+03    4.92828e+02    4.54254e+03    6.03930e-01
          LJ-14     Coulomb-14        LJ (SR)  Disper. corr.   Coulomb (SR)
    5.52847e+03    2.18653e+04    1.57538e+05   -9.00402e+03   -1.16876e+06
   Coul. recip.      Potential    Kinetic En.   Total Energy  Conserved En.
    5.31769e+03   -9.71037e+05    1.71708e+05   -7.99329e+05   -7.94631e+05
    Temperature Pres. DC (bar) Pressure (bar)   Constr. rmsd
    2.99124e+02   -2.21247e+02    7.71886e+00    3.15341e-06

           Step           Time
         105000      210.00000

   Energies (kJ/mol)
           Bond          Angle    Proper Dih. Ryckaert-Bell. Per. Imp. Dih.
    3.08163e+03    8.23738e+03    4.77896e+02    4.62067e+03    6.89674e-02
          LJ-14     Coulomb-14        LJ (SR)  Disper. corr.   Coulomb (SR)
    5.60326e+03    2.19868e+04    1.56098e+05   -9.00024e+03   -1.16744e+06
   Coul. recip.      Potential    Kinetic En.   Total Energy  Conserved En.
    5.13615e+03   -9.71195e+05    1.72239e+05   -7.98956e+05   -7.94532e+05
    Temperature Pres. DC (bar) Pressure (bar)   Constr. rmsd
    3.00049e+02   -2.21061e+02   -4.72142e+00    2.93563e-06

           Step           Time
         110000      220.00000

   Energies (kJ/mol)
           Bond          Angle    Proper Dih. Ryckaert-Bell. Per. Imp. Dih.
    3.07023e+03    8.13028e+03    4.92082e+02    4.66741e+03    4.78771e+00
          LJ-14     Coulomb-14        LJ (SR)  Disper. corr.   Coulomb (SR)
    5.50500e+03    2.20782e+04    1.56687e+05   -8.96657e+03   -1.16979e+06
   Coul. recip.      Potential    Kinetic En.   Total Energy  Conserved En.
    5.27146e+03   -9.72854e+05    1.71926e+05   -8.00927e+05   -7.94340e+05
    Temperature Pres. DC (bar) Pressure (bar)   Constr. rmsd
    2.99505e+02   -2.19412e+02   -1.77360e+02    3.04173e-06

           Step           Time
         115000      230.00000

   Energies (kJ/mol)
           Bond          Angle    Proper Dih. Ryckaert-Bell. Per. Imp. Dih.
    3.13799e+03    7.99205e+03    4.71823e+02    4.49504e+03    1.41402e-04
          LJ-14     Coulomb-14        LJ (SR)  Disper. corr.   Coulomb (SR)
    5.56468e+03    2.18746e+04    1.55480e+05   -8.98209e+03   -1.16650e+06
   Coul. recip.      Potential    Kinetic En.   Total Energy  Conserved En.
    5.11463e+03   -9.71349e+05    1.72224e+05   -7.99125e+05   -7.94062e+05
    Temperature Pres. DC (bar) Pressure (bar)   Constr. rmsd
    3.00023e+02   -2.20171e+02   -9.31534e+01    3.17626e-06

           Step           Time
         120000      240.00000

   Energies (kJ/mol)
           Bond          Angle    Proper Dih. Ryckaert-Bell. Per. Imp. Dih.
    3.32664e+03    8.28508e+03    4.67544e+02    4.63813e+03    1.00412e+00
          LJ-14     Coulomb-14        LJ (SR)  Disper. corr.   Coulomb (SR)
    5.60938e+03    2.20482e+04    1.55768e+05   -8.99341e+03   -1.16662e+06
   Coul. recip.      Potential    Kinetic En.   Total Energy  Conserved En.
    5.18248e+03   -9.70287e+05    1.71139e+05   -7.99148e+05   -7.93665e+05
    Temperature Pres. DC (bar) Pressure (bar)   Constr. rmsd
    2.98134e+02   -2.20726e+02   -4.02454e+01    3.18852e-06

           Step           Time
         125000      250.00000

   Energies (kJ/mol)
           Bond          Angle    Proper Dih. Ryckaert-Bell. Per. Imp. Dih.
    3.16397e+03    7.99715e+03    4.75281e+02    4.48002e+03    6.02662e-01
          LJ-14     Coulomb-14        LJ (SR)  Disper. corr.   Coulomb (SR)
    5.68961e+03    2.20438e+04    1.55554e+05   -8.96574e+03   -1.16750e+06
   Coul. recip.      Potential    Kinetic En.   Total Energy  Conserved En.
    5.26552e+03   -9.71793e+05    1.72681e+05   -7.99113e+05   -7.93778e+05
    Temperature Pres. DC (bar) Pressure (bar)   Constr. rmsd
    3.00819e+02   -2.19372e+02   -4.38187e+01    3.23964e-06

           Step           Time
         130000      260.00000

   Energies (kJ/mol)
           Bond          Angle    Proper Dih. Ryckaert-Bell. Per. Imp. Dih.
    3.21461e+03    8.09443e+03    5.04616e+02    4.56418e+03    4.82390e-02
          LJ-14     Coulomb-14        LJ (SR)  Disper. corr.   Coulomb (SR)
    5.67269e+03    2.19967e+04    1.56833e+05   -8.99360e+03   -1.16864e+06
   Coul. recip.      Potential    Kinetic En.   Total Energy  Conserved En.
    5.13239e+03   -9.71620e+05    1.70871e+05   -8.00750e+05   -7.93150e+05
    Temperature Pres. DC (bar) Pressure (bar)   Constr. rmsd
    2.97667e+02   -2.20736e+02   -3.42999e+01    3.17190e-06

           Step           Time
         135000      270.00000

   Energies (kJ/mol)
           Bond          Angle    Proper Dih. Ryckaert-Bell. Per. Imp. Dih.
    3.05251e+03    8.43901e+03    4.35289e+02    4.54580e+03    8.11845e-01
          LJ-14     Coulomb-14        LJ (SR)  Disper. corr.   Coulomb (SR)
    5.57181e+03    2.20144e+04    1.55131e+05   -8.97863e+03   -1.16670e+06
   Coul. recip.      Potential    Kinetic En.   Total Energy  Conserved En.
    5.36217e+03   -9.71129e+05    1.71831e+05   -7.99299e+05   -7.93071e+05
    Temperature Pres. DC (bar) Pressure (bar)   Constr. rmsd
    2.99338e+02   -2.20002e+02   -1.52986e+02    3.27929e-06

           Step           Time
         140000      280.00000

   Energies (kJ/mol)
           Bond          Angle    Proper Dih. Ryckaert-Bell. Per. Imp. Dih.
    3.11896e+03    8.38376e+03    4.61281e+02    4.46564e+03    7.48060e-01
          LJ-14     Coulomb-14        LJ (SR)  Disper. corr.   Coulomb (SR)
    5.47416e+03    2.19779e+04    1.56561e+05   -8.96616e+03   -1.16865e+06
   Coul. recip.      Potential    Kinetic En.   Total Energy  Conserved En.
    5.32316e+03   -9.71852e+05    1.72926e+05   -7.98926e+05   -7.92952e+05
    Temperature Pres. DC (bar) Pressure (bar)   Constr. rmsd
    3.01246e+02   -2.19392e+02   -1.34381e+02    2.87950e-06

           Step           Time
         145000      290.00000

   Energies (kJ/mol)
           Bond          Angle    Proper Dih. Ryckaert-Bell. Per. Imp. Dih.
    3.09304e+03    8.29565e+03    4.81541e+02    4.55464e+03    7.36138e-01
          LJ-14     Coulomb-14        LJ (SR)  Disper. corr.   Coulomb (SR)
    5.66518e+03    2.20833e+04    1.56352e+05   -9.01451e+03   -1.16861e+06
   Coul. recip.      Potential    Kinetic En.   Total Energy  Conserved En.
    5.18983e+03   -9.71904e+05    1.73562e+05   -7.98343e+05   -7.92306e+05
    Temperature Pres. DC (bar) Pressure (bar)   Constr. rmsd
    3.02354e+02   -2.21762e+02    1.57740e+01    3.27171e-06

           Step           Time
         150000      300.00000

   Energies (kJ/mol)
           Bond          Angle    Proper Dih. Ryckaert-Bell. Per. Imp. Dih.
    3.05209e+03    8.39119e+03    4.80926e+02    4.53886e+03    2.61577e+00
          LJ-14     Coulomb-14        LJ (SR)  Disper. corr.   Coulomb (SR)
    5.66562e+03    2.21408e+04    1.57007e+05   -8.98151e+03   -1.16741e+06
   Coul. recip.      Potential    Kinetic En.   Total Energy  Conserved En.
    5.30327e+03   -9.69810e+05    1.73013e+05   -7.96798e+05   -7.92785e+05
    Temperature Pres. DC (bar) Pressure (bar)   Constr. rmsd
    3.01398e+02   -2.20143e+02    1.15084e+02    3.52114e-06

           Step           Time
         155000      310.00000

   Energies (kJ/mol)
           Bond          Angle    Proper Dih. Ryckaert-Bell. Per. Imp. Dih.
    2.98088e+03    8.15816e+03    4.30755e+02    4.42303e+03    1.51782e+00
          LJ-14     Coulomb-14        LJ (SR)  Disper. corr.   Coulomb (SR)
    5.54129e+03    2.19270e+04    1.56681e+05   -8.96305e+03   -1.16966e+06
   Coul. recip.      Potential    Kinetic En.   Total Energy  Conserved En.
    5.24038e+03   -9.73240e+05    1.71919e+05   -8.01321e+05   -7.92345e+05
    Temperature Pres. DC (bar) Pressure (bar)   Constr. rmsd
    2.99493e+02   -2.19240e+02   -7.17902e+01    3.25450e-06

           Step           Time
         160000      320.00000

   Energies (kJ/mol)
           Bond          Angle    Proper Dih. Ryckaert-Bell. Per. Imp. Dih.
    3.05515e+03    8.25440e+03    4.64723e+02    4.51718e+03    6.08413e-01
          LJ-14     Coulomb-14        LJ (SR)  Disper. corr.   Coulomb (SR)
    5.66240e+03    2.20930e+04    1.56563e+05   -8.96457e+03   -1.16931e+06
   Coul. recip.      Potential    Kinetic En.   Total Energy  Conserved En.
    5.15946e+03   -9.72509e+05    1.73593e+05   -7.98915e+05   -7.92294e+05
    Temperature Pres. DC (bar) Pressure (bar)   Constr. rmsd
    3.02409e+02   -2.19314e+02   -1.31165e+02    3.26892e-06

           Step           Time
         165000      330.00000

   Energies (kJ/mol)
           Bond          Angle    Proper Dih. Ryckaert-Bell. Per. Imp. Dih.
    3.07054e+03    8.31151e+03    4.60847e+02    4.51412e+03    5.80001e-01
          LJ-14     Coulomb-14        LJ (SR)  Disper. corr.   Coulomb (SR)
    5.67173e+03    2.20302e+04    1.54186e+05   -8.99340e+03   -1.16576e+06
   Coul. recip.      Potential    Kinetic En.   Total Energy  Conserved En.
    5.21003e+03   -9.71294e+05    1.72080e+05   -7.99214e+05   -7.91583e+05
    Temperature Pres. DC (bar) Pressure (bar)   Constr. rmsd
    2.99774e+02   -2.20726e+02   -1.22304e+02    3.23915e-06

           Step           Time
         170000      340.00000

   Energies (kJ/mol)
           Bond          Angle    Proper Dih. Ryckaert-Bell. Per. Imp. Dih.
    3.03137e+03    8.28312e+03    5.17437e+02    4.44297e+03    3.08023e-01
          LJ-14     Coulomb-14        LJ (SR)  Disper. corr.   Coulomb (SR)
    5.56209e+03    2.20481e+04    1.56977e+05   -8.96259e+03   -1.16938e+06
   Coul. recip.      Potential    Kinetic En.   Total Energy  Conserved En.
    5.22545e+03   -9.72256e+05    1.71906e+05   -8.00350e+05   -7.91634e+05
    Temperature Pres. DC (bar) Pressure (bar)   Constr. rmsd
    2.99469e+02   -2.19218e+02   -1.12625e+02    3.36764e-06

           Step           Time
         175000      350.00000

   Energies (kJ/mol)
           Bond          Angle    Proper Dih. Ryckaert-Bell. Per. Imp. Dih.
    3.13337e+03    8.50974e+03    4.65158e+02    4.46598e+03    1.27004e+01
          LJ-14     Coulomb-14        LJ (SR)  Disper. corr.   Coulomb (SR)
    5.53678e+03    2.20739e+04    1.55439e+05   -9.01402e+03   -1.16694e+06
   Coul. recip.      Potential    Kinetic En.   Total Energy  Conserved En.
    5.36448e+03   -9.70952e+05    1.72058e+05   -7.98895e+05   -7.91015e+05
    Temperature Pres. DC (bar) Pressure (bar)   Constr. rmsd
    2.99734e+02   -2.21738e+02   -6.20026e+01    3.41436e-06

           Step           Time
         180000      360.00000

   Energies (kJ/mol)
           Bond          Angle    Proper Dih. Ryckaert-Bell. Per. Imp. Dih.
    3.11059e+03    8.44769e+03    5.11936e+02    4.61875e+03    9.19642e+00
          LJ-14     Coulomb-14        LJ (SR)  Disper. corr.   Coulomb (SR)
    5.57125e+03    2.20020e+04    1.56782e+05   -8.97829e+03   -1.16898e+06
   Coul. recip.      Potential    Kinetic En.   Total Energy  Conserved En.
    5.32422e+03   -9.71578e+05    1.72887e+05   -7.98691e+05   -7.90990e+05
    Temperature Pres. DC (bar) Pressure (bar)   Constr. rmsd
    3.01179e+02   -2.19985e+02    2.34098e+01    3.43590e-06

           Step           Time
         185000      370.00000

   Energies (kJ/mol)
           Bond          Angle    Proper Dih. Ryckaert-Bell. Per. Imp. Dih.
    3.14079e+03    8.01401e+03    5.17859e+02    4.51937e+03    1.26730e+00
          LJ-14     Coulomb-14        LJ (SR)  Disper. corr.   Coulomb (SR)
    5.58866e+03    2.19535e+04    1.56790e+05   -8.97870e+03   -1.16884e+06
   Coul. recip.      Potential    Kinetic En.   Total Energy  Conserved En.
    5.28425e+03   -9.72005e+05    1.72688e+05   -7.99317e+05   -7.90743e+05
    Temperature Pres. DC (bar) Pressure (bar)   Constr. rmsd
    3.00832e+02   -2.20005e+02   -1.49750e+01    3.13716e-06

           Step           Time
         190000      380.00000

   Energies (kJ/mol)
           Bond          Angle    Proper Dih. Ryckaert-Bell. Per. Imp. Dih.
    3.07653e+03    8.11378e+03    4.83910e+02    4.49045e+03    1.66702e+00
          LJ-14     Coulomb-14        LJ (SR)  Disper. corr.   Coulomb (SR)
    5.59091e+03    2.19757e+04    1.57535e+05   -9.00218e+03   -1.17230e+06
   Coul. recip.      Potential    Kinetic En.   Total Energy  Conserved En.
    5.16270e+03   -9.74870e+05    1.71385e+05   -8.03485e+05   -7.90093e+05
    Temperature Pres. DC (bar) Pressure (bar)   Constr. rmsd
    2.98563e+02   -2.21156e+02    3.11801e+00    3.33838e-06

           Step           Time
         195000      390.00000

   Energies (kJ/mol)
           Bond          Angle    Proper Dih. Ryckaert-Bell. Per. Imp. Dih.
    3.25710e+03    8.11942e+03    4.63614e+02    4.47461e+03    1.73719e+00
          LJ-14     Coulomb-14        LJ (SR)  Disper. corr.   Coulomb (SR)
    5.54104e+03    2.19933e+04    1.57671e+05   -9.00241e+03   -1.16935e+06
   Coul. recip.      Potential    Kinetic En.   Total Energy  Conserved En.
    5.14557e+03   -9.71687e+05    1.73209e+05   -7.98478e+05   -7.90012e+05
    Temperature Pres. DC (bar) Pressure (bar)   Constr. rmsd
    3.01739e+02   -2.21168e+02    1.47103e+01    2.90279e-06

           Step           Time
         200000      400.00000

   Energies (kJ/mol)
           Bond          Angle    Proper Dih. Ryckaert-Bell. Per. Imp. Dih.
    3.04092e+03    8.19104e+03    4.79067e+02    4.57863e+03    1.07000e+00
          LJ-14     Coulomb-14        LJ (SR)  Disper. corr.   Coulomb (SR)
    5.66846e+03    2.19489e+04    1.55740e+05   -9.00707e+03   -1.16807e+06
   Coul. recip.      Potential    Kinetic En.   Total Energy  Conserved En.
    5.23364e+03   -9.72192e+05    1.72861e+05   -7.99330e+05   -7.89652e+05
    Temperature Pres. DC (bar) Pressure (bar)   Constr. rmsd
    3.01134e+02   -2.21397e+02    3.76389e+01    3.38429e-06

           Step           Time
         205000      410.00000

   Energies (kJ/mol)
           Bond          Angle    Proper Dih. Ryckaert-Bell. Per. Imp. Dih.
    3.20812e+03    8.18434e+03    4.96132e+02    4.50364e+03    3.38097e-01
          LJ-14     Coulomb-14        LJ (SR)  Disper. corr.   Coulomb (SR)
    5.62309e+03    2.20370e+04    1.56114e+05   -8.94956e+03   -1.16743e+06
   Coul. recip.      Potential    Kinetic En.   Total Energy  Conserved En.
    5.23196e+03   -9.70985e+05    1.71512e+05   -7.99474e+05   -7.90009e+05
    Temperature Pres. DC (bar) Pressure (bar)   Constr. rmsd
    2.98783e+02   -2.18581e+02   -1.51732e+02    3.23046e-06

           Step           Time
         210000      420.00000

   Energies (kJ/mol)
           Bond          Angle    Proper Dih. Ryckaert-Bell. Per. Imp. Dih.
    3.09269e+03    8.15227e+03    5.07889e+02    4.56145e+03    7.72446e-01
          LJ-14     Coulomb-14        LJ (SR)  Disper. corr.   Coulomb (SR)
    5.67658e+03    2.21296e+04    1.56980e+05   -8.97934e+03   -1.16944e+06
   Coul. recip.      Potential    Kinetic En.   Total Energy  Conserved En.
    5.20228e+03   -9.72112e+05    1.71487e+05   -8.00625e+05   -7.89527e+05
    Temperature Pres. DC (bar) Pressure (bar)   Constr. rmsd
    2.98740e+02   -2.20037e+02    3.60147e+01    3.11003e-06

           Step           Time
         215000      430.00000

   Energies (kJ/mol)
           Bond          Angle    Proper Dih. Ryckaert-Bell. Per. Imp. Dih.
    2.99835e+03    8.19955e+03    5.12435e+02    4.50194e+03    1.63989e-01
          LJ-14     Coulomb-14        LJ (SR)  Disper. corr.   Coulomb (SR)
    5.68141e+03    2.21394e+04    1.58103e+05   -8.98775e+03   -1.17238e+06
   Coul. recip.      Potential    Kinetic En.   Total Energy  Conserved En.
    5.21842e+03   -9.74010e+05    1.72529e+05   -8.01480e+05   -7.89313e+05
    Temperature Pres. DC (bar) Pressure (bar)   Constr. rmsd
    3.00555e+02   -2.20449e+02    7.66283e+01    3.27157e-06

           Step           Time
         220000      440.00000

   Energies (kJ/mol)
           Bond          Angle    Proper Dih. Ryckaert-Bell. Per. Imp. Dih.
    3.09696e+03    8.33636e+03    4.62246e+02    4.56668e+03    4.03620e+00
          LJ-14     Coulomb-14        LJ (SR)  Disper. corr.   Coulomb (SR)
    5.68454e+03    2.20751e+04    1.56291e+05   -8.98430e+03   -1.16857e+06
   Coul. recip.      Potential    Kinetic En.   Total Energy  Conserved En.
    5.27657e+03   -9.71756e+05    1.73000e+05   -7.98756e+05   -7.89185e+05
    Temperature Pres. DC (bar) Pressure (bar)   Constr. rmsd
    3.01376e+02   -2.20280e+02   -4.20707e+00    3.07258e-06

           Step           Time
         225000      450.00000

   Energies (kJ/mol)
           Bond          Angle    Proper Dih. Ryckaert-Bell. Per. Imp. Dih.
    3.25089e+03    8.27012e+03    4.71243e+02    4.42549e+03    1.06180e-01
          LJ-14     Coulomb-14        LJ (SR)  Disper. corr.   Coulomb (SR)
    5.56659e+03    2.20762e+04    1.56678e+05   -8.98555e+03   -1.16771e+06
   Coul. recip.      Potential    Kinetic En.   Total Energy  Conserved En.
    5.17144e+03   -9.70788e+05    1.72390e+05   -7.98398e+05   -7.88980e+05
    Temperature Pres. DC (bar) Pressure (bar)   Constr. rmsd
    3.00313e+02   -2.20341e+02   -5.26981e+01    3.24334e-06

           Step           Time
         230000      460.00000

   Energies (kJ/mol)
           Bond          Angle    Proper Dih. Ryckaert-Bell. Per. Imp. Dih.
    3.16601e+03    8.15360e+03    5.21066e+02    4.60551e+03    4.24758e-01
          LJ-14     Coulomb-14        LJ (SR)  Disper. corr.   Coulomb (SR)
    5.60568e+03    2.20052e+04    1.56700e+05   -8.97505e+03   -1.16886e+06
   Coul. recip.      Potential    Kinetic En.   Total Energy  Conserved En.
    5.13824e+03   -9.71937e+05    1.73312e+05   -7.98626e+05   -7.88941e+05
    Temperature Pres. DC (bar) Pressure (bar)   Constr. rmsd
    3.01918e+02   -2.19827e+02   -8.25298e+01    3.09912e-06

           Step           Time
         235000      470.00000

   Energies (kJ/mol)
           Bond          Angle    Proper Dih. Ryckaert-Bell. Per. Imp. Dih.
    3.09622e+03    8.14560e+03    4.70839e+02    4.53950e+03    1.76899e+00
          LJ-14     Coulomb-14        LJ (SR)  Disper. corr.   Coulomb (SR)
    5.58468e+03    2.20281e+04    1.57352e+05   -8.98624e+03   -1.17127e+06
   Coul. recip.      Potential    Kinetic En.   Total Energy  Conserved En.
    5.21591e+03   -9.73821e+05    1.71708e+05   -8.02113e+05   -7.88510e+05
    Temperature Pres. DC (bar) Pressure (bar)   Constr. rmsd
    2.99125e+02   -2.20375e+02   -9.50015e+01    2.96295e-06

           Step           Time
         240000      480.00000

   Energies (kJ/mol)
           Bond          Angle    Proper Dih. Ryckaert-Bell. Per. Imp. Dih.
    3.05187e+03    8.25215e+03    4.61100e+02    4.60552e+03    1.02831e-01
          LJ-14     Coulomb-14        LJ (SR)  Disper. corr.   Coulomb (SR)
    5.69359e+03    2.21014e+04    1.56575e+05   -8.98287e+03   -1.16864e+06
   Coul. recip.      Potential    Kinetic En.   Total Energy  Conserved En.
    5.26467e+03   -9.71619e+05    1.72783e+05   -7.98836e+05   -7.88448e+05
    Temperature Pres. DC (bar) Pressure (bar)   Constr. rmsd
    3.00997e+02   -2.20210e+02    9.17515e+01    3.22424e-06

           Step           Time
         245000      490.00000

   Energies (kJ/mol)
           Bond          Angle    Proper Dih. Ryckaert-Bell. Per. Imp. Dih.
    3.09718e+03    8.51079e+03    4.94303e+02    4.51906e+03    2.43407e-01
          LJ-14     Coulomb-14        LJ (SR)  Disper. corr.   Coulomb (SR)
    5.64492e+03    2.20745e+04    1.55822e+05   -9.01489e+03   -1.16873e+06
   Coul. recip.      Potential    Kinetic En.   Total Energy  Conserved En.
    5.13732e+03   -9.72443e+05    1.71984e+05   -8.00459e+05   -7.87547e+05
    Temperature Pres. DC (bar) Pressure (bar)   Constr. rmsd
    2.99605e+02   -2.21781e+02   -1.91968e+01    3.03172e-06

           Step           Time
         250000      500.00000

   Energies (kJ/mol)
           Bond          Angle    Proper Dih. Ryckaert-Bell. Per. Imp. Dih.
    3.07767e+03    8.18640e+03    4.52177e+02    4.58174e+03    1.67951e-01
          LJ-14     Coulomb-14        LJ (SR)  Disper. corr.   Coulomb (SR)
    5.57376e+03    2.21369e+04    1.58188e+05   -8.98675e+03   -1.17164e+06
   Coul. recip.      Potential    Kinetic En.   Total Energy  Conserved En.
    5.19168e+03   -9.73240e+05    1.73000e+05   -8.00240e+05   -7.87917e+05
    Temperature Pres. DC (bar) Pressure (bar)   Constr. rmsd
    3.01376e+02   -2.20400e+02    5.32252e+00    3.02648e-06

           Step           Time
         255000      510.00000

   Energies (kJ/mol)
           Bond          Angle    Proper Dih. Ryckaert-Bell. Per. Imp. Dih.
    3.07764e+03    8.11452e+03    4.77515e+02    4.52712e+03    1.01169e+00
          LJ-14     Coulomb-14        LJ (SR)  Disper. corr.   Coulomb (SR)
    5.64580e+03    2.21418e+04    1.54288e+05   -8.95760e+03   -1.16553e+06
   Coul. recip.      Potential    Kinetic En.   Total Energy  Conserved En.
    5.31836e+03   -9.70896e+05    1.71347e+05   -7.99549e+05   -7.87817e+05
    Temperature Pres. DC (bar) Pressure (bar)   Constr. rmsd
    2.98496e+02   -2.18974e+02   -1.92908e+02    3.33782e-06

           Step           Time
         260000      520.00000

   Energies (kJ/mol)
           Bond          Angle    Proper Dih. Ryckaert-Bell. Per. Imp. Dih.
    3.19662e+03    7.98719e+03    4.85967e+02    4.77564e+03    3.10298e-01
          LJ-14     Coulomb-14        LJ (SR)  Disper. corr.   Coulomb (SR)
    5.51864e+03    2.20266e+04    1.55755e+05   -8.97519e+03   -1.16682e+06
   Coul. recip.      Potential    Kinetic En.   Total Energy  Conserved En.
    5.20945e+03   -9.70836e+05    1.71280e+05   -7.99556e+05   -7.87371e+05
    Temperature Pres. DC (bar) Pressure (bar)   Constr. rmsd
    2.98380e+02   -2.19834e+02   -1.42724e+02    3.07307e-06

           Step           Time
         265000      530.00000

   Energies (kJ/mol)
           Bond          Angle    Proper Dih. Ryckaert-Bell. Per. Imp. Dih.
    3.17298e+03    8.23868e+03    4.78178e+02    4.52316e+03    1.56052e+00
          LJ-14     Coulomb-14        LJ (SR)  Disper. corr.   Coulomb (SR)
    5.60608e+03    2.20781e+04    1.56537e+05   -8.98566e+03   -1.16736e+06
   Coul. recip.      Potential    Kinetic En.   Total Energy  Conserved En.
    5.29660e+03   -9.70416e+05    1.72174e+05   -7.98242e+05   -7.87069e+05
    Temperature Pres. DC (bar) Pressure (bar)   Constr. rmsd
    2.99936e+02   -2.20346e+02   -1.90621e+01    3.09155e-06

           Step           Time
         270000      540.00000

   Energies (kJ/mol)
           Bond          Angle    Proper Dih. Ryckaert-Bell. Per. Imp. Dih.
    3.22832e+03    8.04610e+03    4.80092e+02    4.46794e+03    7.26308e-02
          LJ-14     Coulomb-14        LJ (SR)  Disper. corr.   Coulomb (SR)
    5.54529e+03    2.20477e+04    1.56326e+05   -8.99119e+03   -1.16833e+06
   Coul. recip.      Potential    Kinetic En.   Total Energy  Conserved En.
    5.23166e+03   -9.71950e+05    1.72886e+05   -7.99063e+05   -7.86899e+05
    Temperature Pres. DC (bar) Pressure (bar)   Constr. rmsd
    3.01177e+02   -2.20617e+02   -8.18693e+01    3.08117e-06

           Step           Time
         275000      550.00000

   Energies (kJ/mol)
           Bond          Angle    Proper Dih. Ryckaert-Bell. Per. Imp. Dih.
    3.19401e+03    8.47946e+03    4.56695e+02    4.39745e+03    3.09141e+00
          LJ-14     Coulomb-14        LJ (SR)  Disper. corr.   Coulomb (SR)
    5.63106e+03    2.21307e+04    1.56825e+05   -8.96008e+03   -1.16721e+06
   Coul. recip.      Potential    Kinetic En.   Total Energy  Conserved En.
    5.23547e+03   -9.69816e+05    1.71113e+05   -7.98703e+05   -7.86895e+05
    Temperature Pres. DC (bar) Pressure (bar)   Constr. rmsd
    2.98089e+02   -2.19095e+02   -1.07306e+01    3.19140e-06

           Step           Time
         280000      560.00000

   Energies (kJ/mol)
           Bond          Angle    Proper Dih. Ryckaert-Bell. Per. Imp. Dih.
    3.14333e+03    8.28338e+03    4.40976e+02    4.66006e+03    3.20992e+00
          LJ-14     Coulomb-14        LJ (SR)  Disper. corr.   Coulomb (SR)
    5.64204e+03    2.20690e+04    1.56265e+05   -8.99789e+03   -1.16941e+06
   Coul. recip.      Potential    Kinetic En.   Total Energy  Conserved En.
    5.33719e+03   -9.72568e+05    1.72759e+05   -7.99809e+05   -7.86461e+05
    Temperature Pres. DC (bar) Pressure (bar)   Constr. rmsd
    3.00955e+02   -2.20946e+02    3.86873e+01    3.31701e-06

           Step           Time
         285000      570.00000

   Energies (kJ/mol)
           Bond          Angle    Proper Dih. Ryckaert-Bell. Per. Imp. Dih.
    3.10669e+03    8.32627e+03    4.80338e+02    4.72939e+03    1.42466e+00
          LJ-14     Coulomb-14        LJ (SR)  Disper. corr.   Coulomb (SR)
    5.72860e+03    2.22467e+04    1.55617e+05   -8.99384e+03   -1.16798e+06
   Coul. recip.      Potential    Kinetic En.   Total Energy  Conserved En.
    5.26987e+03   -9.71465e+05    1.72746e+05   -7.98718e+05   -7.85922e+05
    Temperature Pres. DC (bar) Pressure (bar)   Constr. rmsd
    3.00933e+02   -2.20747e+02   -3.21149e+01    3.11573e-06

           Step           Time
         290000      580.00000

   Energies (kJ/mol)
           Bond          Angle    Proper Dih. Ryckaert-Bell. Per. Imp. Dih.
    3.10025e+03    8.04246e+03    4.71088e+02    4.53716e+03    4.96451e-01
          LJ-14     Coulomb-14        LJ (SR)  Disper. corr.   Coulomb (SR)
    5.63391e+03    2.21481e+04    1.55997e+05   -8.97936e+03   -1.16770e+06
   Coul. recip.      Potential    Kinetic En.   Total Energy  Conserved En.
    5.17626e+03   -9.71571e+05    1.71094e+05   -8.00477e+05   -7.86102e+05
    Temperature Pres. DC (bar) Pressure (bar)   Constr. rmsd
    2.98055e+02   -2.20038e+02   -5.89893e+01    3.13132e-06

           Step           Time
         295000      590.00000

   Energies (kJ/mol)
           Bond          Angle    Proper Dih. Ryckaert-Bell. Per. Imp. Dih.
    3.17334e+03    8.25039e+03    4.87792e+02    4.57195e+03    2.37182e+00
          LJ-14     Coulomb-14        LJ (SR)  Disper. corr.   Coulomb (SR)
    5.59206e+03    2.20654e+04    1.56145e+05   -9.01217e+03   -1.16886e+06
   Coul. recip.      Potential    Kinetic En.   Total Energy  Conserved En.
    5.23768e+03   -9.72345e+05    1.72979e+05   -7.99366e+05   -7.85498e+05
    Temperature Pres. DC (bar) Pressure (bar)   Constr. rmsd
    3.01339e+02   -2.21647e+02    5.24523e-01    3.23117e-06

           Step           Time
         300000      600.00000

   Energies (kJ/mol)
           Bond          Angle    Proper Dih. Ryckaert-Bell. Per. Imp. Dih.
    3.18334e+03    8.25270e+03    4.86270e+02    4.50654e+03    1.22131e+00
          LJ-14     Coulomb-14        LJ (SR)  Disper. corr.   Coulomb (SR)
    5.55289e+03    2.21230e+04    1.56156e+05   -8.96424e+03   -1.16805e+06
   Coul. recip.      Potential    Kinetic En.   Total Energy  Conserved En.
    5.15808e+03   -9.71598e+05    1.72019e+05   -7.99579e+05   -7.85672e+05
    Temperature Pres. DC (bar) Pressure (bar)   Constr. rmsd
    2.99667e+02   -2.19298e+02   -1.22499e+02    2.99529e-06

           Step           Time
         305000      610.00000

   Energies (kJ/mol)
           Bond          Angle    Proper Dih. Ryckaert-Bell. Per. Imp. Dih.
    3.08594e+03    8.38397e+03    5.04444e+02    4.60973e+03    2.88101e-01
          LJ-14     Coulomb-14        LJ (SR)  Disper. corr.   Coulomb (SR)
    5.62344e+03    2.21033e+04    1.55762e+05   -8.98860e+03   -1.16723e+06
   Coul. recip.      Potential    Kinetic En.   Total Energy  Conserved En.
    5.19111e+03   -9.70951e+05    1.72417e+05   -7.98534e+05   -7.85147e+05
    Temperature Pres. DC (bar) Pressure (bar)   Constr. rmsd
    3.00360e+02   -2.20491e+02   -2.68786e+01    2.98705e-06

           Step           Time
         310000      620.00000

   Energies (kJ/mol)
           Bond          Angle    Proper Dih. Ryckaert-Bell. Per. Imp. Dih.
    2.91826e+03    8.25832e+03    5.05533e+02    4.56784e+03    2.48213e+00
          LJ-14     Coulomb-14        LJ (SR)  Disper. corr.   Coulomb (SR)
    5.69376e+03    2.22054e+04    1.59172e+05   -8.97580e+03   -1.17226e+06
   Coul. recip.      Potential    Kinetic En.   Total Energy  Conserved En.
    5.23409e+03   -9.72677e+05    1.73393e+05   -7.99284e+05   -7.85218e+05
    Temperature Pres. DC (bar) Pressure (bar)   Constr. rmsd
    3.02060e+02   -2.19864e+02    1.58110e+02    3.19136e-06

           Step           Time
         315000      630.00000

   Energies (kJ/mol)
           Bond          Angle    Proper Dih. Ryckaert-Bell. Per. Imp. Dih.
    2.96166e+03    8.39796e+03    4.91757e+02    4.51678e+03    2.04965e+00
          LJ-14     Coulomb-14        LJ (SR)  Disper. corr.   Coulomb (SR)
    5.66659e+03    2.20404e+04    1.56399e+05   -8.97058e+03   -1.17063e+06
   Coul. recip.      Potential    Kinetic En.   Total Energy  Conserved En.
    5.19149e+03   -9.73935e+05    1.72041e+05   -8.01894e+05   -7.85034e+05
    Temperature Pres. DC (bar) Pressure (bar)   Constr. rmsd
    2.99705e+02   -2.19608e+02   -1.82187e+01    3.34059e-06

           Step           Time
         320000      640.00000

   Energies (kJ/mol)
           Bond          Angle    Proper Dih. Ryckaert-Bell. Per. Imp. Dih.
    3.19592e+03    8.18201e+03    4.81814e+02    4.51696e+03    3.85100e-01
          LJ-14     Coulomb-14        LJ (SR)  Disper. corr.   Coulomb (SR)
    5.74506e+03    2.21555e+04    1.57608e+05   -8.98526e+03   -1.17025e+06
   Coul. recip.      Potential    Kinetic En.   Total Energy  Conserved En.
    5.27930e+03   -9.72073e+05    1.71982e+05   -8.00091e+05   -7.84533e+05
    Temperature Pres. DC (bar) Pressure (bar)   Constr. rmsd
    2.99601e+02   -2.20327e+02    8.42728e+01    3.09056e-06

           Step           Time
         325000      650.00000

   Energies (kJ/mol)
           Bond          Angle    Proper Dih. Ryckaert-Bell. Per. Imp. Dih.
    3.03876e+03    8.34015e+03    4.53405e+02    4.58116e+03    5.42545e+00
          LJ-14     Coulomb-14        LJ (SR)  Disper. corr.   Coulomb (SR)
    5.64826e+03    2.21251e+04    1.56227e+05   -9.02811e+03   -1.16860e+06
   Coul. recip.      Potential    Kinetic En.   Total Energy  Conserved En.
    5.27201e+03   -9.71936e+05    1.72854e+05   -7.99082e+05   -7.83732e+05
    Temperature Pres. DC (bar) Pressure (bar)   Constr. rmsd
    3.01121e+02   -2.22431e+02    2.53998e+01    2.96114e-06

           Step           Time
         330000      660.00000

   Energies (kJ/mol)
           Bond          Angle    Proper Dih. Ryckaert-Bell. Per. Imp. Dih.
    2.95624e+03    8.28479e+03    4.98396e+02    4.52466e+03    1.04148e-01
          LJ-14     Coulomb-14        LJ (SR)  Disper. corr.   Coulomb (SR)
    5.60579e+03    2.20605e+04    1.56190e+05   -8.95720e+03   -1.16914e+06
   Coul. recip.      Potential    Kinetic En.   Total Energy  Conserved En.
    5.12662e+03   -9.72850e+05    1.72658e+05   -8.00193e+05   -7.84244e+05
    Temperature Pres. DC (bar) Pressure (bar)   Constr. rmsd
    3.00779e+02   -2.18954e+02   -1.26234e+02    3.01329e-06

           Step           Time
         335000      670.00000

   Energies (kJ/mol)
           Bond          Angle    Proper Dih. Ryckaert-Bell. Per. Imp. Dih.
    3.18091e+03    8.30964e+03    4.79097e+02    4.55420e+03    4.51348e+00
          LJ-14     Coulomb-14        LJ (SR)  Disper. corr.   Coulomb (SR)
    5.53153e+03    2.20568e+04    1.56919e+05   -8.99194e+03   -1.16861e+06
   Coul. recip.      Potential    Kinetic En.   Total Energy  Conserved En.
    5.13238e+03   -9.71437e+05    1.71159e+05   -8.00278e+05   -7.83747e+05
    Temperature Pres. DC (bar) Pressure (bar)   Constr. rmsd
    2.98169e+02   -2.20654e+02    1.75479e+01    3.14070e-06

           Step           Time
         340000      680.00000

   Energies (kJ/mol)
           Bond          Angle    Proper Dih. Ryckaert-Bell. Per. Imp. Dih.
    3.04272e+03    8.23925e+03    4.77000e+02    4.67122e+03    3.40901e-01
          LJ-14     Coulomb-14        LJ (SR)  Disper. corr.   Coulomb (SR)
    5.54555e+03    2.20568e+04    1.57773e+05   -8.98168e+03   -1.17158e+06
   Coul. recip.      Potential    Kinetic En.   Total Energy  Conserved En.
    5.11514e+03   -9.73639e+05    1.71665e+05   -8.01974e+05   -7.83569e+05
    Temperature Pres. DC (bar) Pressure (bar)   Constr. rmsd
    2.99050e+02   -2.20152e+02    5.99716e+01    3.11689e-06

           Step           Time
         345000      690.00000

   Energies (kJ/mol)
           Bond          Angle    Proper Dih. Ryckaert-Bell. Per. Imp. Dih.
    2.99316e+03    8.34552e+03    4.63681e+02    4.45071e+03    4.21691e-02
          LJ-14     Coulomb-14        LJ (SR)  Disper. corr.   Coulomb (SR)
    5.66367e+03    2.21636e+04    1.57024e+05   -8.96491e+03   -1.16992e+06
   Coul. recip.      Potential    Kinetic En.   Total Energy  Conserved En.
    5.21327e+03   -9.72569e+05    1.72530e+05   -8.00038e+05   -7.83777e+05
    Temperature Pres. DC (bar) Pressure (bar)   Constr. rmsd
    3.00558e+02   -2.19331e+02    1.89140e+01    3.14232e-06

           Step           Time
         350000      700.00000

   Energies (kJ/mol)
           Bond          Angle    Proper Dih. Ryckaert-Bell. Per. Imp. Dih.
    3.06560e+03    8.33763e+03    5.12195e+02    4.50876e+03    9.03583e-02
          LJ-14     Coulomb-14        LJ (SR)  Disper. corr.   Coulomb (SR)
    5.67565e+03    2.20398e+04    1.57078e+05   -8.98497e+03   -1.16972e+06
   Coul. recip.      Potential    Kinetic En.   Total Energy  Conserved En.
    5.20928e+03   -9.72275e+05    1.73286e+05   -7.98989e+05   -7.83005e+05
    Temperature Pres. DC (bar) Pressure (bar)   Constr. rmsd
    3.01874e+02   -2.20313e+02   -1.12681e+01    3.47685e-06

           Step           Time
         355000      710.00000

   Energies (kJ/mol)
           Bond          Angle    Proper Dih. Ryckaert-Bell. Per. Imp. Dih.
    3.23594e+03    8.14217e+03    4.89214e+02    4.49408e+03    9.71883e-01
          LJ-14     Coulomb-14        LJ (SR)  Disper. corr.   Coulomb (SR)
    5.59928e+03    2.21124e+04    1.56121e+05   -8.96080e+03   -1.16794e+06
   Coul. recip.      Potential    Kinetic En.   Total Energy  Conserved En.
    5.19954e+03   -9.71510e+05    1.72151e+05   -7.99358e+05   -7.83037e+05
    Temperature Pres. DC (bar) Pressure (bar)   Constr. rmsd
    2.99897e+02   -2.19130e+02   -8.26965e+01    3.07370e-06

           Step           Time
         360000      720.00000

   Energies (kJ/mol)
           Bond          Angle    Proper Dih. Ryckaert-Bell. Per. Imp. Dih.
    3.14974e+03    8.38394e+03    4.45545e+02    4.61986e+03    5.03661e+00
          LJ-14     Coulomb-14        LJ (SR)  Disper. corr.   Coulomb (SR)
    5.67922e+03    2.20664e+04    1.56977e+05   -8.95832e+03   -1.16798e+06
   Coul. recip.      Potential    Kinetic En.   Total Energy  Conserved En.
    5.21333e+03   -9.70401e+05    1.74098e+05   -7.96303e+05   -7.82879e+05
    Temperature Pres. DC (bar) Pressure (bar)   Constr. rmsd
    3.03288e+02   -2.19009e+02    7.59802e+01    3.17455e-06

           Step           Time
         365000      730.00000

   Energies (kJ/mol)
           Bond          Angle    Proper Dih. Ryckaert-Bell. Per. Imp. Dih.
    3.04720e+03    8.40767e+03    4.74139e+02    4.51609e+03    1.88963e+00
          LJ-14     Coulomb-14        LJ (SR)  Disper. corr.   Coulomb (SR)
    5.59854e+03    2.20636e+04    1.56019e+05   -8.98957e+03   -1.16904e+06
   Coul. recip.      Potential    Kinetic En.   Total Energy  Conserved En.
    5.13186e+03   -9.72773e+05    1.72715e+05   -8.00058e+05   -7.82334e+05
    Temperature Pres. DC (bar) Pressure (bar)   Constr. rmsd
    3.00879e+02   -2.20538e+02   -4.20161e+01    3.24908e-06

           Step           Time
         370000      740.00000

   Energies (kJ/mol)
           Bond          Angle    Proper Dih. Ryckaert-Bell. Per. Imp. Dih.
    3.11525e+03    8.17143e+03    4.61174e+02    4.72155e+03    5.73188e-01
          LJ-14     Coulomb-14        LJ (SR)  Disper. corr.   Coulomb (SR)
    5.58832e+03    2.19138e+04    1.57765e+05   -8.99380e+03   -1.17046e+06
   Coul. recip.      Potential    Kinetic En.   Total Energy  Conserved En.
    5.17036e+03   -9.72548e+05    1.72337e+05   -8.00211e+05   -7.82011e+05
    Temperature Pres. DC (bar) Pressure (bar)   Constr. rmsd
    3.00220e+02   -2.20746e+02    6.68261e+01    3.04081e-06

           Step           Time
         375000      750.00000

   Energies (kJ/mol)
           Bond          Angle    Proper Dih. Ryckaert-Bell. Per. Imp. Dih.
    3.09637e+03    8.26951e+03    5.24303e+02    4.61541e+03    3.44630e-01
          LJ-14     Coulomb-14        LJ (SR)  Disper. corr.   Coulomb (SR)
    5.70986e+03    2.21433e+04    1.57548e+05   -8.97976e+03   -1.17030e+06
   Coul. recip.      Potential    Kinetic En.   Total Energy  Conserved En.
    5.18773e+03   -9.72184e+05    1.73470e+05   -7.98713e+05   -7.82111e+05
    Temperature Pres. DC (bar) Pressure (bar)   Constr. rmsd
    3.02195e+02   -2.20058e+02    1.49936e+02    3.02338e-06

           Step           Time
         380000      760.00000

   Energies (kJ/mol)
           Bond          Angle    Proper Dih. Ryckaert-Bell. Per. Imp. Dih.
    3.17333e+03    8.11169e+03    4.74598e+02    4.43061e+03    2.28272e-01
          LJ-14     Coulomb-14        LJ (SR)  Disper. corr.   Coulomb (SR)
    5.61386e+03    2.21146e+04    1.56040e+05   -9.00412e+03   -1.16865e+06
   Coul. recip.      Potential    Kinetic En.   Total Energy  Conserved En.
    5.19768e+03   -9.72494e+05    1.71946e+05   -8.00548e+05   -7.81293e+05
    Temperature Pres. DC (bar) Pressure (bar)   Constr. rmsd
    2.99539e+02   -2.21252e+02   -1.08475e+02    3.07806e-06

           Step           Time
         385000      770.00000

   Energies (kJ/mol)
           Bond          Angle    Proper Dih. Ryckaert-Bell. Per. Imp. Dih.
    3.07797e+03    8.00937e+03    4.78106e+02    4.52651e+03    3.57707e-01
          LJ-14     Coulomb-14        LJ (SR)  Disper. corr.   Coulomb (SR)
    5.64876e+03    2.20726e+04    1.56802e+05   -8.98782e+03   -1.17006e+06
   Coul. recip.      Potential    Kinetic En.   Total Energy  Conserved En.
    5.15155e+03   -9.73276e+05    1.72690e+05   -8.00586e+05   -7.81327e+05
    Temperature Pres. DC (bar) Pressure (bar)   Constr. rmsd
    3.00836e+02   -2.20452e+02   -4.25795e+01    3.24803e-06

           Step           Time
         390000      780.00000

   Energies (kJ/mol)
           Bond          Angle    Proper Dih. Ryckaert-Bell. Per. Imp. Dih.
    3.25031e+03    8.54927e+03    5.15903e+02    4.53200e+03    6.87483e+00
          LJ-14     Coulomb-14        LJ (SR)  Disper. corr.   Coulomb (SR)
    5.60168e+03    2.20902e+04    1.55793e+05   -8.93772e+03   -1.16529e+06
   Coul. recip.      Potential    Kinetic En.   Total Energy  Conserved En.
    5.24953e+03   -9.68635e+05    1.72606e+05   -7.96029e+05   -7.81675e+05
    Temperature Pres. DC (bar) Pressure (bar)   Constr. rmsd
    3.00689e+02   -2.18003e+02   -1.02432e+02    3.04542e-06

           Step           Time
         395000      790.00000

   Energies (kJ/mol)
           Bond          Angle    Proper Dih. Ryckaert-Bell. Per. Imp. Dih.
    3.11751e+03    8.03269e+03    4.88041e+02    4.79144e+03    7.77186e-02
          LJ-14     Coulomb-14        LJ (SR)  Disper. corr.   Coulomb (SR)
    5.59257e+03    2.21332e+04    1.56316e+05   -8.97249e+03   -1.16749e+06
   Coul. recip.      Potential    Kinetic En.   Total Energy  Conserved En.
    5.09474e+03   -9.70898e+05    1.72481e+05   -7.98418e+05   -7.81004e+05
    Temperature Pres. DC (bar) Pressure (bar)   Constr. rmsd
    3.00471e+02   -2.19702e+02   -3.21001e+01    3.11488e-06

           Step           Time
         400000      800.00000

   Energies (kJ/mol)
           Bond          Angle    Proper Dih. Ryckaert-Bell. Per. Imp. Dih.
    3.19285e+03    7.93975e+03    5.11758e+02    4.59110e+03    3.09723e+00
          LJ-14     Coulomb-14        LJ (SR)  Disper. corr.   Coulomb (SR)
    5.65530e+03    2.20076e+04    1.57376e+05   -8.99573e+03   -1.16978e+06
   Coul. recip.      Potential    Kinetic En.   Total Energy  Conserved En.
    5.13984e+03   -9.72360e+05    1.71964e+05   -8.00396e+05   -7.80462e+05
    Temperature Pres. DC (bar) Pressure (bar)   Constr. rmsd
    2.99571e+02   -2.20840e+02   -3.40333e+01    3.32519e-06

           Step           Time
         405000      810.00000

   Energies (kJ/mol)
           Bond          Angle    Proper Dih. Ryckaert-Bell. Per. Imp. Dih.
    3.11953e+03    8.19623e+03    4.57657e+02    4.61080e+03    2.05818e-03
          LJ-14     Coulomb-14        LJ (SR)  Disper. corr.   Coulomb (SR)
    5.72208e+03    2.22904e+04    1.59252e+05   -8.99803e+03   -1.17269e+06
   Coul. recip.      Potential    Kinetic En.   Total Energy  Conserved En.
    5.12458e+03   -9.72918e+05    1.72742e+05   -8.00177e+05   -7.80272e+05
    Temperature Pres. DC (bar) Pressure (bar)   Constr. rmsd
    3.00925e+02   -2.20953e+02    2.39557e+02    3.35229e-06

           Step           Time
         410000      820.00000

   Energies (kJ/mol)
           Bond          Angle    Proper Dih. Ryckaert-Bell. Per. Imp. Dih.
    3.33236e+03    8.14510e+03    4.87031e+02    4.61882e+03    3.14517e-01
          LJ-14     Coulomb-14        LJ (SR)  Disper. corr.   Coulomb (SR)
    5.59859e+03    2.20940e+04    1.56442e+05   -8.98834e+03   -1.16882e+06
   Coul. recip.      Potential    Kinetic En.   Total Energy  Conserved En.
    5.20318e+03   -9.71891e+05    1.73076e+05   -7.98815e+05   -7.80097e+05
    Temperature Pres. DC (bar) Pressure (bar)   Constr. rmsd
    3.01508e+02   -2.20478e+02   -4.17579e+01    2.93446e-06

           Step           Time
         415000      830.00000

   Energies (kJ/mol)
           Bond          Angle    Proper Dih. Ryckaert-Bell. Per. Imp. Dih.
    3.11375e+03    8.28620e+03    4.63038e+02    4.56138e+03    6.91449e+00
          LJ-14     Coulomb-14        LJ (SR)  Disper. corr.   Coulomb (SR)
    5.65046e+03    2.20376e+04    1.58062e+05   -8.96806e+03   -1.16999e+06
   Coul. recip.      Potential    Kinetic En.   Total Energy  Conserved En.
    5.08304e+03   -9.71690e+05    1.72473e+05   -7.99217e+05   -7.80187e+05
    Temperature Pres. DC (bar) Pressure (bar)   Constr. rmsd
    3.00458e+02   -2.19485e+02    8.04990e+01    3.35297e-06

           Step           Time
         420000      840.00000

   Energies (kJ/mol)
           Bond          Angle    Proper Dih. Ryckaert-Bell. Per. Imp. Dih.
    3.22267e+03    8.31490e+03    4.89749e+02    4.47031e+03    9.76955e-01
          LJ-14     Coulomb-14        LJ (SR)  Disper. corr.   Coulomb (SR)
    5.62736e+03    2.20078e+04    1.56349e+05   -8.96482e+03   -1.16844e+06
   Coul. recip.      Potential    Kinetic En.   Total Energy  Conserved En.
    5.34066e+03   -9.71579e+05    1.71562e+05   -8.00018e+05   -7.79789e+05
    Temperature Pres. DC (bar) Pressure (bar)   Constr. rmsd
    2.98870e+02   -2.19327e+02   -5.08883e+01    2.91937e-06

           Step           Time
         425000      850.00000

   Energies (kJ/mol)
           Bond          Angle    Proper Dih. Ryckaert-Bell. Per. Imp. Dih.
    3.12732e+03    8.40547e+03    4.66723e+02    4.61369e+03    6.85338e-01
          LJ-14     Coulomb-14        LJ (SR)  Disper. corr.   Coulomb (SR)
    5.64473e+03    2.21293e+04    1.54204e+05   -8.96320e+03   -1.16576e+06
   Coul. recip.      Potential    Kinetic En.   Total Energy  Conserved En.
    5.09128e+03   -9.71039e+05    1.72158e+05   -7.98881e+05   -7.79725e+05
    Temperature Pres. DC (bar) Pressure (bar)   Constr. rmsd
    2.99909e+02   -2.19247e+02   -2.12411e+02    3.28641e-06

           Step           Time
         430000      860.00000

   Energies (kJ/mol)
           Bond          Angle    Proper Dih. Ryckaert-Bell. Per. Imp. Dih.
    3.27483e+03    8.28461e+03    4.93157e+02    4.57328e+03    1.05821e-01
          LJ-14     Coulomb-14        LJ (SR)  Disper. corr.   Coulomb (SR)
    5.58839e+03    2.20879e+04    1.56286e+05   -8.97173e+03   -1.16828e+06
   Coul. recip.      Potential    Kinetic En.   Total Energy  Conserved En.
    5.07152e+03   -9.71589e+05    1.72620e+05   -7.98969e+05   -7.79338e+05
    Temperature Pres. DC (bar) Pressure (bar)   Constr. rmsd
    3.00714e+02   -2.19664e+02   -1.96168e+02    3.12184e-06

           Step           Time
         435000      870.00000

   Energies (kJ/mol)
           Bond          Angle    Proper Dih. Ryckaert-Bell. Per. Imp. Dih.
    3.05577e+03    8.10471e+03    4.86164e+02    4.45692e+03    6.99310e-01
          LJ-14     Coulomb-14        LJ (SR)  Disper. corr.   Coulomb (SR)
    5.65413e+03    2.22307e+04    1.56548e+05   -8.98570e+03   -1.16886e+06
   Coul. recip.      Potential    Kinetic En.   Total Energy  Conserved En.
    5.14953e+03   -9.72160e+05    1.72520e+05   -7.99640e+05   -7.78838e+05
    Temperature Pres. DC (bar) Pressure (bar)   Constr. rmsd
    3.00540e+02   -2.20348e+02    5.51273e+01    3.21993e-06

           Step           Time
         440000      880.00000

   Energies (kJ/mol)
           Bond          Angle    Proper Dih. Ryckaert-Bell. Per. Imp. Dih.
    3.10818e+03    8.13418e+03    5.04138e+02    4.54999e+03    4.65361e-01
          LJ-14     Coulomb-14        LJ (SR)  Disper. corr.   Coulomb (SR)
    5.69397e+03    2.21280e+04    1.56321e+05   -8.96577e+03   -1.16941e+06
   Coul. recip.      Potential    Kinetic En.   Total Energy  Conserved En.
    5.16568e+03   -9.72773e+05    1.73507e+05   -7.99266e+05   -7.79031e+05
    Temperature Pres. DC (bar) Pressure (bar)   Constr. rmsd
    3.02259e+02   -2.19373e+02   -7.19659e+01    3.30074e-06

           Step           Time
         445000      890.00000

   Energies (kJ/mol)
           Bond          Angle    Proper Dih. Ryckaert-Bell. Per. Imp. Dih.
    3.26296e+03    8.28280e+03    5.06139e+02    4.60012e+03    6.07155e+00
          LJ-14     Coulomb-14        LJ (SR)  Disper. corr.   Coulomb (SR)
    5.65293e+03    2.19571e+04    1.55584e+05   -8.98787e+03   -1.16773e+06
   Coul. recip.      Potential    Kinetic En.   Total Energy  Conserved En.
    5.14318e+03   -9.71720e+05    1.73126e+05   -7.98594e+05   -7.78381e+05
    Temperature Pres. DC (bar) Pressure (bar)   Constr. rmsd
    3.01595e+02   -2.20455e+02   -6.85994e+01    3.11907e-06

           Step           Time
         450000      900.00000

   Energies (kJ/mol)
           Bond          Angle    Proper Dih. Ryckaert-Bell. Per. Imp. Dih.
    3.27132e+03    8.18937e+03    4.78015e+02    4.51042e+03    3.00269e-01
          LJ-14     Coulomb-14        LJ (SR)  Disper. corr.   Coulomb (SR)
    5.59829e+03    2.21165e+04    1.57273e+05   -8.99212e+03   -1.16766e+06
   Coul. recip.      Potential    Kinetic En.   Total Energy  Conserved En.
    5.21629e+03   -9.70000e+05    1.72063e+05   -7.97938e+05   -7.78151e+05
    Temperature Pres. DC (bar) Pressure (bar)   Constr. rmsd
    2.99743e+02   -2.20663e+02    7.34835e+01    3.28344e-06

           Step           Time
         455000      910.00000

   Energies (kJ/mol)
           Bond          Angle    Proper Dih. Ryckaert-Bell. Per. Imp. Dih.
    2.92662e+03    8.19337e+03    4.11465e+02    4.38825e+03    7.85146e-02
          LJ-14     Coulomb-14        LJ (SR)  Disper. corr.   Coulomb (SR)
    5.62546e+03    2.20967e+04    1.58510e+05   -8.98652e+03   -1.17249e+06
   Coul. recip.      Potential    Kinetic En.   Total Energy  Conserved En.
    5.16032e+03   -9.74161e+05    1.71847e+05   -8.02314e+05   -7.78146e+05
    Temperature Pres. DC (bar) Pressure (bar)   Constr. rmsd
    2.99367e+02   -2.20388e+02    8.43941e+01    2.86092e-06

           Step           Time
         460000      920.00000

   Energies (kJ/mol)
           Bond          Angle    Proper Dih. Ryckaert-Bell. Per. Imp. Dih.
    3.14699e+03    8.11459e+03    4.48660e+02    4.61600e+03    8.02776e+00
          LJ-14     Coulomb-14        LJ (SR)  Disper. corr.   Coulomb (SR)
    5.59733e+03    2.22446e+04    1.56958e+05   -8.98272e+03   -1.16984e+06
   Coul. recip.      Potential    Kinetic En.   Total Energy  Conserved En.
    5.13353e+03   -9.72554e+05    1.71847e+05   -8.00707e+05   -7.77618e+05
    Temperature Pres. DC (bar) Pressure (bar)   Constr. rmsd
    2.99367e+02   -2.20203e+02   -2.14632e+01    2.99384e-06

           Step           Time
         465000      930.00000

   Energies (kJ/mol)
           Bond          Angle    Proper Dih. Ryckaert-Bell. Per. Imp. Dih.
    3.03927e+03    8.20920e+03    4.66625e+02    4.73681e+03    5.64848e-02
          LJ-14     Coulomb-14        LJ (SR)  Disper. corr.   Coulomb (SR)
    5.50566e+03    2.19987e+04    1.56425e+05   -9.00983e+03   -1.16911e+06
   Coul. recip.      Potential    Kinetic En.   Total Energy  Conserved En.
    5.19930e+03   -9.72540e+05    1.72457e+05   -8.00083e+05   -7.77207e+05
    Temperature Pres. DC (bar) Pressure (bar)   Constr. rmsd
    3.00429e+02   -2.21533e+02   -1.95352e+01    3.14041e-06

           Step           Time
         470000      940.00000

   Energies (kJ/mol)
           Bond          Angle    Proper Dih. Ryckaert-Bell. Per. Imp. Dih.
    3.22449e+03    8.09923e+03    4.96845e+02    4.65132e+03    2.30775e+00
          LJ-14     Coulomb-14        LJ (SR)  Disper. corr.   Coulomb (SR)
    5.70758e+03    2.22522e+04    1.56596e+05   -8.96979e+03   -1.17079e+06
   Coul. recip.      Potential    Kinetic En.   Total Energy  Conserved En.
    5.25778e+03   -9.73473e+05    1.71868e+05   -8.01605e+05   -7.77351e+05
    Temperature Pres. DC (bar) Pressure (bar)   Constr. rmsd
    2.99404e+02   -2.19569e+02   -7.69082e+01    3.22396e-06

           Step           Time
         475000      950.00000

   Energies (kJ/mol)
           Bond          Angle    Proper Dih. Ryckaert-Bell. Per. Imp. Dih.
    3.07869e+03    8.01357e+03    4.64818e+02    4.56266e+03    2.58530e+00
          LJ-14     Coulomb-14        LJ (SR)  Disper. corr.   Coulomb (SR)
    5.59770e+03    2.22050e+04    1.57359e+05   -8.97971e+03   -1.17077e+06
   Coul. recip.      Potential    Kinetic En.   Total Energy  Conserved En.
    5.10264e+03   -9.73362e+05    1.71691e+05   -8.01670e+05   -7.77185e+05
    Temperature Pres. DC (bar) Pressure (bar)   Constr. rmsd
    2.99096e+02   -2.20055e+02   -5.89432e+01    3.17210e-06

           Step           Time
         480000      960.00000

   Energies (kJ/mol)
           Bond          Angle    Proper Dih. Ryckaert-Bell. Per. Imp. Dih.
    3.06967e+03    8.06594e+03    4.67792e+02    4.43356e+03    8.41838e-02
          LJ-14     Coulomb-14        LJ (SR)  Disper. corr.   Coulomb (SR)
    5.68797e+03    2.21789e+04    1.57739e+05   -8.98485e+03   -1.17154e+06
   Coul. recip.      Potential    Kinetic En.   Total Energy  Conserved En.
    5.26165e+03   -9.73625e+05    1.71350e+05   -8.02274e+05   -7.76808e+05
    Temperature Pres. DC (bar) Pressure (bar)   Constr. rmsd
    2.98502e+02   -2.20307e+02    2.39921e+01    2.86035e-06

           Step           Time
         485000      970.00000

   Energies (kJ/mol)
           Bond          Angle    Proper Dih. Ryckaert-Bell. Per. Imp. Dih.
    2.97295e+03    8.39127e+03    5.31033e+02    4.51463e+03    4.78930e-01
          LJ-14     Coulomb-14        LJ (SR)  Disper. corr.   Coulomb (SR)
    5.62107e+03    2.22482e+04    1.56204e+05   -8.99930e+03   -1.16819e+06
   Coul. recip.      Potential    Kinetic En.   Total Energy  Conserved En.
    5.31052e+03   -9.71397e+05    1.71798e+05   -7.99599e+05   -7.76635e+05
    Temperature Pres. DC (bar) Pressure (bar)   Constr. rmsd
    2.99282e+02   -2.21016e+02    4.28385e+01    3.04134e-06

           Step           Time
         490000      980.00000

   Energies (kJ/mol)
           Bond          Angle    Proper Dih. Ryckaert-Bell. Per. Imp. Dih.
    3.17340e+03    8.17655e+03    4.88274e+02    4.53785e+03    5.06696e+00
          LJ-14     Coulomb-14        LJ (SR)  Disper. corr.   Coulomb (SR)
    5.60005e+03    2.20056e+04    1.56583e+05   -9.00398e+03   -1.16910e+06
   Coul. recip.      Potential    Kinetic En.   Total Energy  Conserved En.
    5.21640e+03   -9.72320e+05    1.71119e+05   -8.01201e+05   -7.76131e+05
    Temperature Pres. DC (bar) Pressure (bar)   Constr. rmsd
    2.98099e+02   -2.21245e+02   -4.07306e+01    3.04054e-06

           Step           Time
         495000      990.00000

   Energies (kJ/mol)
           Bond          Angle    Proper Dih. Ryckaert-Bell. Per. Imp. Dih.
    3.11043e+03    8.28406e+03    4.72689e+02    4.55201e+03    3.34677e-01
          LJ-14     Coulomb-14        LJ (SR)  Disper. corr.   Coulomb (SR)
    5.58731e+03    2.20289e+04    1.57374e+05   -8.98711e+03   -1.17081e+06
   Coul. recip.      Potential    Kinetic En.   Total Energy  Conserved En.
    5.23163e+03   -9.73156e+05    1.72072e+05   -8.01083e+05   -7.76088e+05
    Temperature Pres. DC (bar) Pressure (bar)   Constr. rmsd
    2.99759e+02   -2.20417e+02    3.68317e+01    3.24332e-06

           Step           Time
         500000     1000.00000

Writing checkpoint, step 500000 at Tue Mar 31 12:08:11 2026


   Energies (kJ/mol)
           Bond          Angle    Proper Dih. Ryckaert-Bell. Per. Imp. Dih.
    3.14522e+03    8.25793e+03    4.28006e+02    4.45808e+03    5.67597e-02
          LJ-14     Coulomb-14        LJ (SR)  Disper. corr.   Coulomb (SR)
    5.48113e+03    2.21005e+04    1.54163e+05   -8.97791e+03   -1.16581e+06
   Coul. recip.      Potential    Kinetic En.   Total Energy  Conserved En.
    5.28783e+03   -9.71471e+05    1.72602e+05   -7.98869e+05   -7.75973e+05
    Temperature Pres. DC (bar) Pressure (bar)   Constr. rmsd
    3.00682e+02   -2.19967e+02   -2.45423e+02    3.09425e-06


Energy conservation over simulation part #1 of length 1000 ps, time 0 to 1000 ps
  Conserved energy drift: 2.69e-04 kJ/mol/ps per atom


	<======  ###############  ==>
	<====  A V E R A G E S  ====>
	<==  ###############  ======>

	Statistics over 500001 steps using 5001 frames

   Energies (kJ/mol)
           Bond          Angle    Proper Dih. Ryckaert-Bell. Per. Imp. Dih.
    3.10488e+03    8.22510e+03    4.74853e+02    4.56065e+03    1.30462e+00
          LJ-14     Coulomb-14        LJ (SR)  Disper. corr.   Coulomb (SR)
    5.62612e+03    2.20805e+04    1.56895e+05   -8.98743e+03   -1.16926e+06
   Coul. recip.      Potential    Kinetic En.   Total Energy  Conserved En.
    5.21242e+03   -9.72067e+05    1.72215e+05   -7.99852e+05   -7.87749e+05
    Temperature Pres. DC (bar) Pressure (bar)   Constr. rmsd
    3.00008e+02   -2.20434e+02    4.95547e+00    0.00000e+00

          Box-X          Box-Y          Box-Z
    8.78350e+00    8.78350e+00    8.78350e+00

   Total Virial (kJ/mol)
    5.73618e+04    1.03521e-01    2.34738e+00
    1.87083e-01    5.73010e+04   -2.70347e+01
    2.39462e+00   -2.71029e+01    5.72543e+04

   Pressure (bar)
    3.73165e+00    9.47726e-01    5.03314e-01
    9.43631e-01    5.54389e+00    8.48045e-01
    5.01001e-01    8.51388e-01    5.59085e+00

      T-Protein  T-non-Protein
    3.00111e+02    3.00000e+02


       P P   -   P M E   L O A D   B A L A N C I N G

 PP/PME load balancing changed the cut-off and PME settings:
           particle-particle                    PME
            rcoulomb  rlist            grid      spacing   1/beta
   initial  1.000 nm  1.001 nm      56  56  56   0.157 nm  0.320 nm
   final    1.056 nm  1.057 nm      52  52  52   0.169 nm  0.338 nm
 cost-ratio           1.18             0.80
 (note that these numbers concern only part of the total PP and PME load)


	M E G A - F L O P S   A C C O U N T I N G

 NB=Group-cutoff nonbonded kernels    NxN=N-by-N cluster Verlet kernels
 RF=Reaction-Field  VdW=Van der Waals  QSTab=quadratic-spline table
 W3=SPC/TIP3p  W4=TIP4p (single or pairs)
 V&F=Potential and force  V=Potential only  F=Force only

 Computing:                               M-Number         M-Flops  % Flops
-----------------------------------------------------------------------------
 Pair Search distance check           53563.828320      482074.455     0.0
 NxN Ewald Elec. + LJ [F]          54823423.514112  3618345951.931    98.2
 NxN Ewald Elec. + LJ [V&F]          553882.709440    59265449.910     1.6
 1,4 nonbonded interactions            5501.511003      495135.990     0.0
 Shift-X                                445.894161        2675.365     0.0
 Bonds                                 1060.502121       62569.625     0.0
 Angles                                3822.007644      642097.284     0.0
 Propers                                417.000834       95493.191     0.0
 Impropers                                0.500001         104.000     0.0
 RB-Dihedrals                          4387.508775     1083714.667     0.0
 Virial                                 446.119206        8030.146     0.0
 Stop-CM                                445.894161        4458.942     0.0
 P-Coupling                             445.894161        2675.365     0.0
 Calc-Ekin                             8916.278322      240739.515     0.0
 Lincs                                 1048.502097       62910.126     0.0
 Lincs-Mat                             5556.011112       22224.044     0.0
 Constraint-V                         33922.567845      305303.111     0.0
 Constraint-Vir                         328.805748        7891.338     0.0
 Settle                               10608.521217     3925152.850     0.1
 Virtual Site 3                       10714.627434      396441.215     0.0
-----------------------------------------------------------------------------
 Total                                              3685451093.071   100.0
-----------------------------------------------------------------------------


      R E A L   C Y C L E   A N D   T I M E   A C C O U N T I N G

On 1 MPI rank, each using 16 OpenMP threads

 Activity:              Num   Num      Call    Wall time         Giga-Cycles
                        Ranks Threads  Count      (s)         total sum    %
--------------------------------------------------------------------------------
 Vsite constr.             1   16     500001      62.280       4177.253   7.1
 Neighbor search           1   16       5001      21.041       1411.270   2.4
 Launch PP GPU ops.        1   16     500001      60.285       4043.451   6.9
 Force                     1   16     500001     167.133      11210.010  19.1
 PME GPU mesh              1   16     500001     177.304      11892.236  20.2
 Wait GPU NB local         1   16     500001      19.082       1279.845   2.2
 NB X/F buffer ops.        1   16     995001     102.507       6875.420  11.7
 Vsite spread              1   16     505002      59.869       4015.532   6.8
 Write traj.               1   16        101       1.443         96.779   0.2
 Update                    1   16     500001      75.114       5038.057   8.6
 Constraints               1   16     500001     107.325       7198.585  12.2
 Rest                                             22.805       1529.562   2.6
--------------------------------------------------------------------------------
 Total                                           876.186      58768.001 100.0
--------------------------------------------------------------------------------
 Breakdown of PME mesh activities
--------------------------------------------------------------------------------
 Wait PME GPU gather       1   16     500001      16.665       1117.736   1.9
 Reduce GPU PME F          1   16     500001      48.698       3266.267   5.6
 Launch PME GPU ops.       1   16    4500009     106.199       7123.017  12.1
--------------------------------------------------------------------------------

               Core t (s)   Wall t (s)        (%)
       Time:    14018.922      876.186     1600.0
                 (ns/day)    (hour/ns)
Performance:       98.609        0.243
Finished mdrun on rank 0 Tue Mar 31 12:08:11 2026

